Log file open, 06/05/18 08:58:40
LogWindows: Failed to load 'aqProf.dll' (GetLastError=126)
LogWindows: File 'aqProf.dll' does not exist
LogWindows: Failed to load 'VtuneApi.dll' (GetLastError=126)
LogWindows: File 'VtuneApi.dll' does not exist
LogWindows: Failed to load 'VtuneApi32e.dll' (GetLastError=126)
LogWindows: File 'VtuneApi32e.dll' does not exist
LogPlatformFile: Not using cached read wrapper
LogInit: Display: RandInit(-141754846) SRandInit(-141754846).
LogTaskGraph: Started task graph with 5 named threads and 11 total threads with 3 sets of task threads.
LogStats: Stats thread started at 0.166086
LogD3D11RHI: Aftermath initialized
LogICUInternationalization: Display: ICU TimeZone Detection - Raw Offset: +2:00, Platform Override: ''
LogPluginManager: Mounting plugin Paper2D
LogPluginManager: Mounting plugin LightPropagationVolume
LogPluginManager: Mounting plugin CryptoKeys
LogPluginManager: Mounting plugin FacialAnimation
LogPluginManager: Mounting plugin DatasmithContent
LogPluginManager: Mounting plugin CharacterAI
LogPluginManager: Mounting plugin HTML5Networking
LogPluginManager: Mounting plugin AvfMedia
LogPluginManager: Mounting plugin ImgMedia
LogPluginManager: Mounting plugin LinearTimecode
LogPluginManager: Mounting plugin MediaCompositing
LogPluginManager: Mounting plugin WmfMedia
LogPluginManager: Mounting plugin TcpMessaging
LogPluginManager: Mounting plugin UdpMessaging
LogPluginManager: Mounting plugin ActorSequence
LogPluginManager: Mounting plugin OnlineSubsystem
LogPluginManager: Mounting plugin OnlineSubsystemNull
LogPluginManager: Mounting plugin OnlineSubsystemUtils
LogPluginManager: Mounting plugin AndroidPermission
LogPluginManager: Mounting plugin AppleARKit
LogPluginManager: Mounting plugin ProceduralMeshComponent
LogPluginManager: Mounting plugin LiveLink
LogPluginManager: Mounting plugin ArchVisCharacter
LogPluginManager: Mounting plugin AudioCapture
LogPluginManager: Mounting plugin CableComponent
LogPluginManager: Mounting plugin CustomMeshComponent
LogPluginManager: Mounting plugin ExampleDeviceProfileSelector
LogPluginManager: Mounting plugin ImmediatePhysics
LogPluginManager: Mounting plugin LocationServicesBPLibrary
LogPluginManager: Mounting plugin MobilePatchingUtils
LogPluginManager: Mounting plugin OculusVR
LogPluginManager: Mounting plugin PhysXVehicles
LogPluginManager: Mounting plugin RuntimePhysXCooking
LogPluginManager: Mounting plugin SteamVR
LogPluginManager: Mounting plugin WindowsMoviePlayer
LogStreaming: Display: Took  0.087s to configure plugins.
LogInit: Using libcurl 7.47.1
LogInit:  - built for x86_64-pc-win32
LogInit:  - supports SSL with OpenSSL/1.0.2g
LogInit:  - supports HTTP deflate (compression) using libz 1.2.8
LogInit:  - other features:
LogInit:      CURL_VERSION_SSL
LogInit:      CURL_VERSION_LIBZ
LogInit:      CURL_VERSION_IPV6
LogInit:      CURL_VERSION_ASYNCHDNS
LogInit:      CURL_VERSION_LARGEFILE
LogInit:      CURL_VERSION_IDN
LogInit:  CurlRequestOptions (configurable via config and command line):
LogInit:  - bVerifyPeer = false  - Libcurl will NOT verify peer certificate
LogInit:  - bUseHttpProxy = false  - Libcurl will NOT use HTTP proxy
LogInit:  - bDontReuseConnections = false  - Libcurl will reuse connections
LogInit:  - CertBundlePath = nullptr  - Libcurl will use whatever was configured at build time.
LogInit:  - MaxHostConnections = 16  - Libcurl will limit the number of connections to a host
LogInit:  - LocalHostAddr = Default
LogInit: WinSock: version 1.1 (2.2), MaxSocks=32767, MaxUdp=65467
LogInit: WinSock: I am DESKTOP-VSM96P1 (192.168.0.105:0)
LogInit: Build: ++UE4+Release-4.19-CL-3989454
LogInit: Engine Version: 4.19.1-3989454+++UE4+Release-4.19
LogInit: Compatible Engine Version: 4.19.0-3944462+++UE4+Release-4.19
LogInit: Net CL: 3944462
LogDevObjectVersion: Number of dev versions registered: 18
LogDevObjectVersion:   Dev-Blueprints (B0D832E4-1F89-4F0D-ACCF-7EB736FD4AA2): 10
LogDevObjectVersion:   Dev-Build (E1C64328-A22C-4D53-A36C-8E866417BD8C): 0
LogDevObjectVersion:   Dev-Core (375EC13C-06E4-48FB-B500-84F0262A717E): 2
LogDevObjectVersion:   Dev-Editor (E4B068ED-F494-42E9-A231-DA0B2E46BB41): 23
LogDevObjectVersion:   Dev-Framework (CFFC743F-43B0-4480-9391-14DF171D2073): 33
LogDevObjectVersion:   Dev-Mobile (B02B49B5-BB20-44E9-A304-32B752E40360): 2
LogDevObjectVersion:   Dev-Networking (A4E4105C-59A1-49B5-A7C5-40C4547EDFEE): 0
LogDevObjectVersion:   Dev-Online (39C831C9-5AE6-47DC-9A44-9C173E1C8E7C): 0
LogDevObjectVersion:   Dev-Physics (78F01B33-EBEA-4F98-B9B4-84EACCB95AA2): 0
LogDevObjectVersion:   Dev-Platform (6631380F-2D4D-43E0-8009-CF276956A95A): 0
LogDevObjectVersion:   Dev-Rendering (12F88B9F-8875-4AFC-A67C-D90C383ABD29): 25
LogDevObjectVersion:   Dev-Sequencer (7B5AE74C-D270-4C10-A958-57980B212A5A): 6
LogDevObjectVersion:   Dev-VR (D7296918-1DD6-4BDD-9DE2-64A83CC13884): 1
LogDevObjectVersion:   Dev-LoadTimes (C2A15278-BFE7-4AFE-6C17-90FF531DF755): 1
LogDevObjectVersion:   Private-Geometry (6EACA3D4-40EC-4CC1-B786-8BED09428FC5): 2
LogDevObjectVersion:   Dev-AnimPhys (29E575DD-E0A3-4627-9D10-D276232CDCEA): 16
LogDevObjectVersion:   Dev-ReflectionCapture (6B266CEC-1EC7-4B8F-A30B-E4D90942FC07): 1
LogDevObjectVersion:   Dev-Automation (0DF73D61-A23F-47EA-B727-89E90C41499A): 1
LogInit: Compiled (64-bit): Apr  6 2018 12:29:47
LogInit: Compiled with Visual C++: 19.00.24215.01
LogInit: Build Configuration: Development
LogInit: Branch Name: ++UE4+Release-4.19
LogInit: Command Line: 
LogInit: Base Directory: C:/Users/AndrewMS/Downloads/WindowsNoEditor/Flabriya/Binaries/Win64/
LogInit: Installed Engine Build: 0
LogStreaming: Display: Took  0.001s to delete old logs.
LogInit: Presizing for max 2097152 objects, including 0 objects not considered by GC, pre-allocating 0 bytes for permanent pool.
LogStreaming: Display: Async Loading initialized: Event Driven Loader: true, Async Loading Thread: false
LogInit: Object subsystem initialized
[2018.06.05-05.58.40:467][  0]LogInit: Selected Device Profile: [WindowsNoEditor]
[2018.06.05-05.58.40:467][  0]LogInit: Applying CVar settings loaded from the selected device profile: [WindowsNoEditor]
[2018.06.05-05.58.40:483][  0]LogInit: Computer: DESKTOP-VSM96P1
[2018.06.05-05.58.40:483][  0]LogInit: User: AndrewMS
[2018.06.05-05.58.40:483][  0]LogInit: CPU Page size=4096, Cores=2
[2018.06.05-05.58.40:483][  0]LogInit: High frequency timer resolution =1.945313 MHz
[2018.06.05-05.58.40:484][  0]LogMemory: Memory total: Physical=7.9GB (8GB approx)
[2018.06.05-05.58.40:484][  0]LogMemory: Platform Memory Stats for WindowsNoEditor
[2018.06.05-05.58.40:485][  0]LogMemory: Process Physical Memory: 95.13 MB used, 95.13 MB peak
[2018.06.05-05.58.40:485][  0]LogMemory: Process Virtual Memory: 105.82 MB used, 105.82 MB peak
[2018.06.05-05.58.40:485][  0]LogMemory: Physical Memory: 5932.26 MB used,  2134.38 MB free, 8066.64 MB total
[2018.06.05-05.58.40:485][  0]LogMemory: Virtual Memory: 367.77 MB used,  2134.38 MB free, 134217728.00 MB total
[2018.06.05-05.58.40:524][  0]LogInit: Using OS detected language (ru-RU).
[2018.06.05-05.58.40:524][  0]LogInit: Using OS detected locale (ru-UA).
[2018.06.05-05.58.40:525][  0]LogTextLocalizationManager: No localization for 'ru-RU' exists, so 'en' will be used for the language.
[2018.06.05-05.58.40:525][  0]LogTextLocalizationManager: No localization for 'ru-UA' exists, so 'en' will be used for the locale.
[2018.06.05-05.58.40:573][  0]LogStreaming: Display: Took  0.049s to EndInitTextLocalization.
[2018.06.05-05.58.40:604][  0]LogSlate: New Slate User Created.  User Index 0, Is Virtual User: 0
[2018.06.05-05.58.40:604][  0]LogSlate: Slate User Registered.  User Index 0, Is Virtual User: 0
[2018.06.05-05.58.40:617][  0]LogD3D11RHI: D3D11 adapters:
[2018.06.05-05.58.40:717][  0]LogD3D11RHI:    0. 'NVIDIA GeForce 920MX' (Feature Level 11_0)
[2018.06.05-05.58.40:717][  0]LogD3D11RHI:       2010/0/4033 MB DedicatedVideo/DedicatedSystem/SharedSystem, Outputs:1, VendorId:0x10de
[2018.06.05-05.58.40:743][  0]LogD3D11RHI:    1. 'Intel(R) HD Graphics 520' (Feature Level 11_0)
[2018.06.05-05.58.40:743][  0]LogD3D11RHI:       128/0/4033 MB DedicatedVideo/DedicatedSystem/SharedSystem, Outputs:0, VendorId:0x8086
[2018.06.05-05.58.40:747][  0]LogD3D11RHI:    2. 'Microsoft Basic Render Driver' (Feature Level 11_0)
[2018.06.05-05.58.40:747][  0]LogD3D11RHI:       0/0/4033 MB DedicatedVideo/DedicatedSystem/SharedSystem, Outputs:0, VendorId:0x1414
[2018.06.05-05.58.40:747][  0]LogD3D11RHI: Chosen D3D11 Adapter: 0
[2018.06.05-05.58.40:766][  0]LogD3D11RHI: Creating new Direct3DDevice
[2018.06.05-05.58.40:766][  0]LogD3D11RHI:     GPU DeviceId: 0x134f (for the marketing name, search the web for "GPU Device Id")
[2018.06.05-05.58.40:766][  0]LogWindows: EnumDisplayDevices:
[2018.06.05-05.58.40:767][  0]LogWindows:    0. 'Intel(R) HD Graphics 520' (P:1 D:1)
[2018.06.05-05.58.40:767][  0]LogWindows:    1. 'Intel(R) HD Graphics 520' (P:0 D:0)
[2018.06.05-05.58.40:768][  0]LogWindows:    2. 'Intel(R) HD Graphics 520' (P:0 D:0)
[2018.06.05-05.58.40:768][  0]LogWindows: DebugString: GetVideoDriverDetailsInvalid PrimaryIsNotTheChoosenAdapter GetVideoDriverDetailsInvalid PrimaryIsNotTheChoosenAdapter GetVideoDriverDetailsInvalid PrimaryIsNotTheChoosenAdapter FoundDriverCount:0 
[2018.06.05-05.58.40:768][  0]LogD3D11RHI:     Adapter Name: NVIDIA GeForce 920MX
[2018.06.05-05.58.40:768][  0]LogD3D11RHI:   Driver Version: Unknown (internal:Unknown, unified:Unknown)
[2018.06.05-05.58.40:768][  0]LogD3D11RHI:      Driver Date: Unknown
[2018.06.05-05.58.40:768][  0]LogRHI: Texture pool is 1407 MB (70% of 2010 MB)
[2018.06.05-05.58.40:844][  0]LogD3D11RHI: [Aftermath] Aftermath enabled and primed
[2018.06.05-05.58.40:844][  0]LogD3D11RHI: [Aftermath] Aftermath enabled and primed
[2018.06.05-05.58.40:844][  0]LogD3D11RHI: Async texture creation enabled
[2018.06.05-05.58.40:877][  0]LogD3D11RHI: GPU Timing Frequency: 1000.000000 (Debug: 2 3)
[2018.06.05-05.58.40:904][  0]LogMaterial: Verifying Global Shaders for PCD3D_SM5
[2018.06.05-05.58.40:904][  0]LogSlate: Using Freetype 2.6.0
[2018.06.05-05.58.40:905][  0]LogSlate: SlateFontCache - WITH_FREETYPE: 1, WITH_HARFBUZZ: 1
[2018.06.05-05.58.40:905][  0]LogSlate: SlateFontCache - WITH_FREETYPE: 1, WITH_HARFBUZZ: 1
[2018.06.05-05.58.41:020][  0]LogAssetRegistry: FAssetRegistry took 0.0274 seconds to start up
[2018.06.05-05.58.41:212][  0]LogPackageLocalizationCache: Processed 9 localized package path(s) for 1 prioritized culture(s) in 0.007550 seconds
[2018.06.05-05.58.41:213][  0]LogPakFile: New pak file ../../../Flabriya/Content/Paks/Flabriya-WindowsNoEditor.pak added to pak precacher.
[2018.06.05-05.58.41:214][  0]LogInit: Selected Device Profile: [WindowsNoEditor]
[2018.06.05-05.58.41:284][  0]LogNetVersion: Flabriya , NetCL: 3944462, EngineNetVer: 2, GameNetVer: 0 (Checksum: 3944716489)
[2018.06.05-05.58.41:479][  0]LogMoviePlayer: Initializing movie player
[2018.06.05-05.58.41:736][  0]LogAndroidPermission: UAndroidPermissionCallbackProxy::GetInstance
[2018.06.05-05.58.41:736][  0]LogOcInput: OculusInput pre-init called
[2018.06.05-05.58.41:743][  0]LogUObjectArray: 32238 objects as part of root set at end of initial load.
[2018.06.05-05.58.41:743][  0]LogUObjectAllocator: 5945536 out of 0 bytes used by permanent object pool.
[2018.06.05-05.58.41:743][  0]LogUObjectArray: CloseDisregardForGC: 0/0 objects in disregard for GC pool
[2018.06.05-05.58.41:755][  0]LogEngine: Initializing Engine...
[2018.06.05-05.58.41:757][  0]LogHMD: Failed to initialize OpenVR with code 110
[2018.06.05-05.58.41:774][  0]LogStats: UGameplayTagsManager::ConstructGameplayTagTree: Construct from data asset -  0.000 s
[2018.06.05-05.58.41:774][  0]LogStats: UGameplayTagsManager::ConstructGameplayTagTree: GameplayTagTreeChangedEvent.Broadcast -  0.000 s
[2018.06.05-05.58.41:933][  0]LogInit: XAudio2 using 'Динамики (Realtek High Definition Audio)' : 2 channels at 48 kHz using 32 bits per sample (channel mask 0x3)
[2018.06.05-05.58.41:976][  0]LogInit: FAudioDevice initialized.
[2018.06.05-05.58.41:988][  0]LogInit: Texture streaming: Enabled
[2018.06.05-05.58.41:998][  0]LogInit: Display: Game Engine Initialized.
[2018.06.05-05.58.41:998][  0]LogGameplayTags: Display: UGameplayTagsManager::DoneAddingNativeTags. DelegateIsBound: 0
[2018.06.05-05.58.41:998][  0]LogStats: UGameplayTagsManager::ConstructGameplayTagTree: Construct from data asset -  0.000 s
[2018.06.05-05.58.41:998][  0]LogStats: UGameplayTagsManager::ConstructGameplayTagTree: GameplayTagTreeChangedEvent.Broadcast -  0.000 s
[2018.06.05-05.58.42:019][  0]LogInit: Display: Starting Game.
[2018.06.05-05.58.42:019][  0]LogNet: Browse: /Game/Maps/MainMenu?Name=Player
[2018.06.05-05.58.42:020][  0]LogLoad: LoadMap: /Game/Maps/MainMenu?Name=Player
[2018.06.05-05.58.42:053][  0]LogAIModule: Creating AISystem for world MainMenu
[2018.06.05-05.58.42:053][  0]LogLoad: Game class is 'FlabriyaGameMode'
[2018.06.05-05.58.42:055][  0]LogWorld: Bringing World /Game/Maps/MainMenu.MainMenu up for play (max tick rate 0) at 2018.06.05-08.58.42
[2018.06.05-05.58.42:055][  0]LogWorld: Bringing up level for play took: 0.000769
[2018.06.05-05.58.42:056][  0]LogGameMode: FindPlayerStart: PATHS NOT DEFINED or NO PLAYERSTART with positive rating
[2018.06.05-05.58.42:058][  0]r.SetRes = "1280x720"
[2018.06.05-05.58.42:080][  0]LogUMG: Display: Widget Class EnterName_C - Loaded Fast Template.
[2018.06.05-05.58.42:083][  0]LogLoad: Took 0.063282 seconds to LoadMap(/Game/Maps/MainMenu)
[2018.06.05-05.58.42:084][  0]LogSlate: Took 0.000529 seconds to synchronously load lazily loaded font '../../../Engine/Content/EngineFonts/Faces/RobotoBold.ufont' (160K)
[2018.06.05-05.58.42:086][  0]LogSlate: Took 0.000389 seconds to synchronously load lazily loaded font '../../../Engine/Content/Slate/Fonts/Roboto-Regular.ttf' (155K)
[2018.06.05-05.58.42:234][  0]LogRenderer: Reallocating scene render targets to support 1280x720 Format 10 NumSamples 1 (Frame:1).
[2018.06.05-05.58.42:314][  0]LogLoad: (Engine Initialization) Total time: 2.52 seconds
[2018.06.05-05.58.42:357][  0]LogContentStreaming: Texture pool size now 1000 MB
[2018.06.05-05.58.43:650][ 34]LogSlate: FSceneViewport::OnFocusLost() reason 0
[2018.06.05-05.58.45:554][ 91]LogUMG: Display: Widget Class MainMenuWidget_C - Loaded Fast Template.
[2018.06.05-05.58.45:556][ 91]LogStreaming: Warning: Failed to read file '../../../Flabriya/Saved/SaveGames/jj.sav' error.
[2018.06.05-05.58.45:556][ 91]LogStreaming: Warning: Failed to read file '../../../Flabriya/Saved/SaveGames/TableOfLeaders1256789034.sav' error.
[2018.06.05-05.58.47:692][155]LogNet: Browse: /Game/Maps/SirenLevel
[2018.06.05-05.58.47:692][155]LogLoad: LoadMap: /Game/Maps/SirenLevel
[2018.06.05-05.58.47:740][155]LogAIModule: Creating AISystem for world SirenLevel
[2018.06.05-05.58.47:741][155]LogLoad: Game class is 'FlabriyaGameMode'
[2018.06.05-05.58.47:742][155]LogWorld: Bringing World /Game/Maps/SirenLevel.SirenLevel up for play (max tick rate 0) at 2018.06.05-08.58.47
[2018.06.05-05.58.47:743][155]LogWorld: Bringing up level for play took: 0.001185
[2018.06.05-05.58.47:744][155]LogGameMode: FindPlayerStart: PATHS NOT DEFINED or NO PLAYERSTART with positive rating
[2018.06.05-05.58.47:756][155]LogLoad: Took 0.062816 seconds to LoadMap(/Game/Maps/SirenLevel)
[2018.06.05-05.58.52:945][303]LogSlate: Request Window 'Flabriya (64-bit, PCD3D_SM5) ' being destroyed
[2018.06.05-05.58.52:970][303]LogSlate: Window 'Flabriya (64-bit, PCD3D_SM5) ' being destroyed
[2018.06.05-05.58.52:970][303]LogWindowsTextInputMethodSystem: Display: IME system now deactivated.
[2018.06.05-05.58.52:978][303]LogEngine: All Windows Closed
[2018.06.05-05.58.52:978][303]LogWindows: FPlatformMisc::RequestExit(0)
[2018.06.05-05.58.53:820][304]LogSlate: Slate User Destroyed.  User Index 0, Is Virtual User: 0
[2018.06.05-05.58.53:821][304]LogExit: Preparing to exit.
[2018.06.05-05.58.53:821][304]LogMoviePlayer: Shutting down movie player
[2018.06.05-05.58.53:832][304]LogExit: Game engine shut down
[2018.06.05-05.58.53:898][304]LogExit: Object subsystem successfully closed.
[2018.06.05-05.58.53:967][304]LogD3D11RHI: Shutdown
[2018.06.05-05.58.53:967][304]LogD3D11RHI: CleanupD3DDevice
[2018.06.05-05.58.54:037][304]LogD3D11RHI: ~FD3D11DynamicRHI
[2018.06.05-05.58.54:037][304]LogModuleManager: Shutting down and abandoning module AutomationController (178)
[2018.06.05-05.58.54:037][304]LogModuleManager: Shutting down and abandoning module AutomationWorker (176)
[2018.06.05-05.58.54:037][304]LogModuleManager: Shutting down and abandoning module AIModule (174)
[2018.06.05-05.58.54:037][304]LogModuleManager: Shutting down and abandoning module GameplayDebugger (173)
[2018.06.05-05.58.54:037][304]LogModuleManager: Shutting down and abandoning module WmfMediaFactory (170)
[2018.06.05-05.58.54:037][304]LogModuleManager: Shutting down and abandoning module OpenExrWrapper (168)
[2018.06.05-05.58.54:038][304]LogModuleManager: Shutting down and abandoning module ImgMediaFactory (166)
[2018.06.05-05.58.54:038][304]LogModuleManager: Shutting down and abandoning module AvfMediaFactory (164)
[2018.06.05-05.58.54:038][304]LogModuleManager: Shutting down and abandoning module CharacterAI (162)
[2018.06.05-05.58.54:038][304]LogModuleManager: Shutting down and abandoning module SessionServices (160)
[2018.06.05-05.58.54:038][304]LogModuleManager: Shutting down and abandoning module MovieSceneTracks (158)
[2018.06.05-05.58.54:038][304]LogModuleManager: Shutting down and abandoning module MovieScene (156)
[2018.06.05-05.58.54:038][304]LogModuleManager: Shutting down and abandoning module GeometryCache (154)
[2018.06.05-05.58.54:038][304]LogModuleManager: Shutting down and abandoning module StreamingPauseRendering (152)
[2018.06.05-05.58.54:038][304]LogModuleManager: Shutting down and abandoning module AnalyticsET (150)
[2018.06.05-05.58.54:038][304]LogModuleManager: Shutting down and abandoning module ProfilerService (148)
[2018.06.05-05.58.54:266][304]LogModuleManager: Shutting down and abandoning module TaskGraph (146)
[2018.06.05-05.58.54:267][304]LogModuleManager: Shutting down and abandoning module SteamVRController (144)
[2018.06.05-05.58.54:267][304]LogModuleManager: Shutting down and abandoning module OculusInput (142)
[2018.06.05-05.58.54:267][304]LogModuleManager: Shutting down and abandoning module MobilePatchingUtils (140)
[2018.06.05-05.58.54:267][304]LogModuleManager: Shutting down and abandoning module CustomMeshComponent (138)
[2018.06.05-05.58.54:267][304]LogModuleManager: Shutting down and abandoning module CableComponent (136)
[2018.06.05-05.58.54:267][304]LogModuleManager: Shutting down and abandoning module AudioCapture (134)
[2018.06.05-05.58.54:267][304]LogModuleManager: Shutting down and abandoning module ArchVisCharacter (132)
[2018.06.05-05.58.54:267][304]LogModuleManager: Shutting down and abandoning module ProceduralMeshComponent (130)
[2018.06.05-05.58.54:267][304]LogModuleManager: Shutting down and abandoning module AndroidPermission (128)
[2018.06.05-05.58.54:267][304]LogModuleManager: Shutting down and abandoning module MediaCompositing (124)
[2018.06.05-05.58.54:267][304]LogModuleManager: Shutting down and abandoning module LinearTimecode (122)
[2018.06.05-05.58.54:267][304]LogModuleManager: Shutting down and abandoning module ImgMedia (120)
[2018.06.05-05.58.54:268][304]LogModuleManager: Shutting down and abandoning module HTML5Networking (118)
[2018.06.05-05.58.54:268][304]LogModuleManager: Shutting down and abandoning module DatasmithContent (116)
[2018.06.05-05.58.54:268][304]LogModuleManager: Shutting down and abandoning module Flabriya (114)
[2018.06.05-05.58.54:269][304]LogModuleManager: Shutting down and abandoning module RuntimePhysXCooking (112)
[2018.06.05-05.58.54:269][304]LogModuleManager: Shutting down and abandoning module PhysXVehicles (110)
[2018.06.05-05.58.54:269][304]LogModuleManager: Shutting down and abandoning module LocationServicesBPLibrary (108)
[2018.06.05-05.58.54:269][304]LogModuleManager: Shutting down and abandoning module ImmediatePhysics (106)
[2018.06.05-05.58.54:269][304]LogModuleManager: Shutting down and abandoning module LiveLink (104)
[2018.06.05-05.58.54:643][304]LogModuleManager: Shutting down and abandoning module ActorSequence (102)
[2018.06.05-05.58.54:643][304]LogModuleManager: Shutting down and abandoning module UdpMessaging (100)
[2018.06.05-05.58.54:643][304]LogModuleManager: Shutting down and abandoning module TcpMessaging (98)
[2018.06.05-05.58.54:643][304]LogModuleManager: Shutting down and abandoning module FacialAnimation (96)
[2018.06.05-05.58.54:643][304]LogModuleManager: Shutting down and abandoning module LightPropagationVolumeRuntime (94)
[2018.06.05-05.58.54:643][304]LogModuleManager: Shutting down and abandoning module Paper2D (92)
[2018.06.05-05.58.54:643][304]LogModuleManager: Shutting down and abandoning module WindowsMoviePlayer (90)
[2018.06.05-05.58.54:643][304]LogModuleManager: Shutting down and abandoning module WmfMedia (88)
[2018.06.05-05.58.54:644][304]LogModuleManager: Shutting down and abandoning module PacketHandler (86)
[2018.06.05-05.58.54:644][304]LogModuleManager: Shutting down and abandoning module ClothingSystemRuntime (84)
[2018.06.05-05.58.54:644][304]LogModuleManager: Shutting down and abandoning module MediaAssets (82)
[2018.06.05-05.58.54:644][304]LogModuleManager: Shutting down and abandoning module Overlay (80)
[2018.06.05-05.58.54:644][304]LogModuleManager: Shutting down and abandoning module UMG (78)
[2018.06.05-05.58.54:644][304]LogModuleManager: Shutting down and abandoning module SlateReflector (76)
[2018.06.05-05.58.54:644][304]LogModuleManager: Shutting down and abandoning module Slate (74)
[2018.06.05-05.58.54:644][304]LogModuleManager: Shutting down and abandoning module MRMesh (72)
[2018.06.05-05.58.54:644][304]LogModuleManager: Shutting down and abandoning module Messaging (70)
[2018.06.05-05.58.54:644][304]LogModuleManager: Shutting down and abandoning module HeadMountedDisplay (68)
[2018.06.05-05.58.54:644][304]LogModuleManager: Shutting down and abandoning module XAudio2 (66)
[2018.06.05-05.58.54:644][304]LogModuleManager: Shutting down and abandoning module Networking (64)
[2018.06.05-05.58.54:644][304]LogModuleManager: Shutting down and abandoning module Core (62)
[2018.06.05-05.58.54:644][304]LogModuleManager: Shutting down and abandoning module LevelSequence (60)
[2018.06.05-05.58.54:644][304]LogModuleManager: Shutting down and abandoning module Media (58)
[2018.06.05-05.58.54:650][304]LogModuleManager: Shutting down and abandoning module ImageWrapper (54)
[2018.06.05-05.58.54:650][304]LogModuleManager: Shutting down and abandoning module InputCore (52)
[2018.06.05-05.58.54:650][304]LogModuleManager: Shutting down and abandoning module PhysXCooking (50)
[2018.06.05-05.58.54:650][304]LogModuleManager: Shutting down and abandoning module SteamVR (48)
[2018.06.05-05.58.54:650][304]LogModuleManager: Shutting down and abandoning module OculusHMD (46)
[2018.06.05-05.58.54:650][304]LogModuleManager: Shutting down and abandoning module ExampleDeviceProfileSelector (44)
[2018.06.05-05.58.54:650][304]LogModuleManager: Shutting down and abandoning module AppleARKit (42)
[2018.06.05-05.58.54:650][304]LogModuleManager: Shutting down and abandoning module AugmentedReality (39)
[2018.06.05-05.58.54:650][304]LogModuleManager: Shutting down and abandoning module OnlineSubsystem (34)
[2018.06.05-05.58.54:651][304]LogModuleManager: Shutting down and abandoning module HTTP (33)
[2018.06.05-05.58.54:651][304]LogHttp: Display: Http module shutting down, but needs to wait on 1 outstanding Http requests:
[2018.06.05-05.58.54:651][304]LogHttp: Display: 	verb=[POST] url=[https://datarouter.ol.epicgames.com/datarouter/api/v1/public/data?SessionID=%7B4D87FBD9-4065-6075-7020-EF840FA6320D%7D&AppID=UEGame.Rocket.Release%7C7BF5B7C840B88F528DC5AFAA95F8635F%7C2D%20Side%20Scroller%20Game%20Template&AppVersion=4.19.1-3989454%2B%2B%2BUE4%2BRelease-4.19&UserID=ANON-%7B4505897C-4395-BE15-D352-AAB49BF7C281%7D%7C%7C&AppEnvironment=datacollector-binary&UploadType=eteventstream] status=Processing
[2018.06.05-05.58.54:651][304]LogHttp: Display: Sleeping 0.5s to wait for 1 outstanding Http requests.
[2018.06.05-05.58.55:161][304]LogModuleManager: Shutting down and abandoning module SSL (32)
[2018.06.05-05.58.55:162][304]LogModuleManager: Shutting down and abandoning module ShaderCore (28)
[2018.06.05-05.58.55:162][304]LogModuleManager: Shutting down and abandoning module Landscape (26)
[2018.06.05-05.58.55:162][304]LogModuleManager: Shutting down and abandoning module SlateRHIRenderer (24)
[2018.06.05-05.58.55:163][304]LogModuleManager: Shutting down and abandoning module OpenGLDrv (22)
[2018.06.05-05.58.55:163][304]LogModuleManager: Shutting down and abandoning module D3D11RHI (20)
[2018.06.05-05.58.55:163][304]LogModuleManager: Shutting down and abandoning module AnimGraphRuntime (18)
[2018.06.05-05.58.55:163][304]LogModuleManager: Shutting down and abandoning module Renderer (16)
[2018.06.05-05.58.55:163][304]LogModuleManager: Shutting down and abandoning module Engine (14)
[2018.06.05-05.58.55:163][304]LogModuleManager: Shutting down and abandoning module CoreUObject (12)
[2018.06.05-05.58.55:163][304]LogModuleManager: Shutting down and abandoning module NetworkFile (10)
[2018.06.05-05.58.55:163][304]LogModuleManager: Shutting down and abandoning module CookedIterativeFile (8)
[2018.06.05-05.58.55:163][304]LogModuleManager: Shutting down and abandoning module StreamingFile (6)
[2018.06.05-05.58.55:163][304]LogModuleManager: Shutting down and abandoning module SandboxFile (4)
[2018.06.05-05.58.55:163][304]LogModuleManager: Shutting down and abandoning module PakFile (2)
[2018.06.05-05.58.55:166][304]LogExit: Exiting.
[2018.06.05-05.58.55:167][304]Log file closed, 06/05/18 08:58:55
