Log file open, 06/02/18 09:43:38
LogWindows: Failed to load 'aqProf.dll' (GetLastError=126)
LogWindows: File 'aqProf.dll' does not exist
LogWindows: Failed to load 'VtuneApi.dll' (GetLastError=126)
LogWindows: File 'VtuneApi.dll' does not exist
LogWindows: Failed to load 'VtuneApi32e.dll' (GetLastError=126)
LogWindows: File 'VtuneApi32e.dll' does not exist
LogPlatformFile: Not using cached read wrapper
LogInit: Display: RandInit(719144065) SRandInit(719144065).
LogTaskGraph: Started task graph with 5 named threads and 11 total threads with 3 sets of task threads.
LogStats: Stats thread started at 0.147288
LogD3D11RHI: Aftermath initialized
LogICUInternationalization: Display: ICU TimeZone Detection - Raw Offset: +2:00, Platform Override: ''
LogPluginManager: Mounting plugin Paper2D
LogPluginManager: Mounting plugin LightPropagationVolume
LogPluginManager: Mounting plugin CryptoKeys
LogPluginManager: Mounting plugin FacialAnimation
LogPluginManager: Mounting plugin DatasmithContent
LogPluginManager: Mounting plugin CharacterAI
LogPluginManager: Mounting plugin HTML5Networking
LogPluginManager: Mounting plugin AvfMedia
LogPluginManager: Mounting plugin ImgMedia
LogPluginManager: Mounting plugin LinearTimecode
LogPluginManager: Mounting plugin MediaCompositing
LogPluginManager: Mounting plugin WmfMedia
LogPluginManager: Mounting plugin TcpMessaging
LogPluginManager: Mounting plugin UdpMessaging
LogPluginManager: Mounting plugin ActorSequence
LogPluginManager: Mounting plugin OnlineSubsystem
LogPluginManager: Mounting plugin OnlineSubsystemNull
LogPluginManager: Mounting plugin OnlineSubsystemUtils
LogPluginManager: Mounting plugin AndroidPermission
LogPluginManager: Mounting plugin AppleARKit
LogPluginManager: Mounting plugin ProceduralMeshComponent
LogPluginManager: Mounting plugin LiveLink
LogPluginManager: Mounting plugin ArchVisCharacter
LogPluginManager: Mounting plugin AudioCapture
LogPluginManager: Mounting plugin CableComponent
LogPluginManager: Mounting plugin CustomMeshComponent
LogPluginManager: Mounting plugin ExampleDeviceProfileSelector
LogPluginManager: Mounting plugin ImmediatePhysics
LogPluginManager: Mounting plugin LocationServicesBPLibrary
LogPluginManager: Mounting plugin MobilePatchingUtils
LogPluginManager: Mounting plugin OculusVR
LogPluginManager: Mounting plugin PhysXVehicles
LogPluginManager: Mounting plugin RuntimePhysXCooking
LogPluginManager: Mounting plugin SteamVR
LogPluginManager: Mounting plugin WindowsMoviePlayer
LogStreaming: Display: Took  0.082s to configure plugins.
LogInit: Using libcurl 7.47.1
LogInit:  - built for x86_64-pc-win32
LogInit:  - supports SSL with OpenSSL/1.0.2g
LogInit:  - supports HTTP deflate (compression) using libz 1.2.8
LogInit:  - other features:
LogInit:      CURL_VERSION_SSL
LogInit:      CURL_VERSION_LIBZ
LogInit:      CURL_VERSION_IPV6
LogInit:      CURL_VERSION_ASYNCHDNS
LogInit:      CURL_VERSION_LARGEFILE
LogInit:      CURL_VERSION_IDN
LogInit:  CurlRequestOptions (configurable via config and command line):
LogInit:  - bVerifyPeer = false  - Libcurl will NOT verify peer certificate
LogInit:  - bUseHttpProxy = false  - Libcurl will NOT use HTTP proxy
LogInit:  - bDontReuseConnections = false  - Libcurl will reuse connections
LogInit:  - CertBundlePath = nullptr  - Libcurl will use whatever was configured at build time.
LogInit:  - MaxHostConnections = 16  - Libcurl will limit the number of connections to a host
LogInit:  - LocalHostAddr = Default
LogInit: WinSock: version 1.1 (2.2), MaxSocks=32767, MaxUdp=65467
LogInit: WinSock: I am DESKTOP-VSM96P1 (192.168.7.175:0)
LogInit: Build: ++UE4+Release-4.19-CL-3989454
LogInit: Engine Version: 4.19.1-3989454+++UE4+Release-4.19
LogInit: Compatible Engine Version: 4.19.0-3944462+++UE4+Release-4.19
LogInit: Net CL: 3944462
LogDevObjectVersion: Number of dev versions registered: 18
LogDevObjectVersion:   Dev-Blueprints (B0D832E4-1F89-4F0D-ACCF-7EB736FD4AA2): 10
LogDevObjectVersion:   Dev-Build (E1C64328-A22C-4D53-A36C-8E866417BD8C): 0
LogDevObjectVersion:   Dev-Core (375EC13C-06E4-48FB-B500-84F0262A717E): 2
LogDevObjectVersion:   Dev-Editor (E4B068ED-F494-42E9-A231-DA0B2E46BB41): 23
LogDevObjectVersion:   Dev-Framework (CFFC743F-43B0-4480-9391-14DF171D2073): 33
LogDevObjectVersion:   Dev-Mobile (B02B49B5-BB20-44E9-A304-32B752E40360): 2
LogDevObjectVersion:   Dev-Networking (A4E4105C-59A1-49B5-A7C5-40C4547EDFEE): 0
LogDevObjectVersion:   Dev-Online (39C831C9-5AE6-47DC-9A44-9C173E1C8E7C): 0
LogDevObjectVersion:   Dev-Physics (78F01B33-EBEA-4F98-B9B4-84EACCB95AA2): 0
LogDevObjectVersion:   Dev-Platform (6631380F-2D4D-43E0-8009-CF276956A95A): 0
LogDevObjectVersion:   Dev-Rendering (12F88B9F-8875-4AFC-A67C-D90C383ABD29): 25
LogDevObjectVersion:   Dev-Sequencer (7B5AE74C-D270-4C10-A958-57980B212A5A): 6
LogDevObjectVersion:   Dev-VR (D7296918-1DD6-4BDD-9DE2-64A83CC13884): 1
LogDevObjectVersion:   Dev-LoadTimes (C2A15278-BFE7-4AFE-6C17-90FF531DF755): 1
LogDevObjectVersion:   Private-Geometry (6EACA3D4-40EC-4CC1-B786-8BED09428FC5): 2
LogDevObjectVersion:   Dev-AnimPhys (29E575DD-E0A3-4627-9D10-D276232CDCEA): 16
LogDevObjectVersion:   Dev-ReflectionCapture (6B266CEC-1EC7-4B8F-A30B-E4D90942FC07): 1
LogDevObjectVersion:   Dev-Automation (0DF73D61-A23F-47EA-B727-89E90C41499A): 1
LogInit: Compiled (64-bit): Apr  6 2018 12:29:47
LogInit: Compiled with Visual C++: 19.00.24215.01
LogInit: Build Configuration: Development
LogInit: Branch Name: ++UE4+Release-4.19
LogInit: Command Line:  
LogInit: Base Directory: C:/Users/AndrewMS/Documents/Unreal Projects/Flabriya/WindowsNoEditor/Flabriya/Binaries/Win64/
LogInit: Installed Engine Build: 0
LogStreaming: Display: Took  0.005s to delete old logs.
LogInit: Presizing for max 2097152 objects, including 0 objects not considered by GC, pre-allocating 0 bytes for permanent pool.
LogStreaming: Display: Async Loading initialized: Event Driven Loader: true, Async Loading Thread: false
LogInit: Object subsystem initialized
[2018.06.02-06.43.38:922][  0]LogInit: Selected Device Profile: [WindowsNoEditor]
[2018.06.02-06.43.38:922][  0]LogInit: Applying CVar settings loaded from the selected device profile: [WindowsNoEditor]
[2018.06.02-06.43.38:939][  0]LogInit: Computer: DESKTOP-VSM96P1
[2018.06.02-06.43.38:939][  0]LogInit: User: AndrewMS
[2018.06.02-06.43.38:939][  0]LogInit: CPU Page size=4096, Cores=2
[2018.06.02-06.43.38:939][  0]LogInit: High frequency timer resolution =1.945317 MHz
[2018.06.02-06.43.38:940][  0]LogMemory: Memory total: Physical=7.9GB (8GB approx)
[2018.06.02-06.43.38:940][  0]LogMemory: Platform Memory Stats for WindowsNoEditor
[2018.06.02-06.43.38:940][  0]LogMemory: Process Physical Memory: 95.16 MB used, 95.16 MB peak
[2018.06.02-06.43.38:940][  0]LogMemory: Process Virtual Memory: 105.86 MB used, 105.86 MB peak
[2018.06.02-06.43.38:940][  0]LogMemory: Physical Memory: 4833.96 MB used,  3232.68 MB free, 8066.64 MB total
[2018.06.02-06.43.38:940][  0]LogMemory: Virtual Memory: 367.81 MB used,  3232.68 MB free, 134217728.00 MB total
[2018.06.02-06.43.38:982][  0]LogInit: Using OS detected language (ru-RU).
[2018.06.02-06.43.38:982][  0]LogInit: Using OS detected locale (ru-UA).
[2018.06.02-06.43.38:983][  0]LogTextLocalizationManager: No localization for 'ru-RU' exists, so 'en' will be used for the language.
[2018.06.02-06.43.38:983][  0]LogTextLocalizationManager: No localization for 'ru-UA' exists, so 'en' will be used for the locale.
[2018.06.02-06.43.39:036][  0]LogStreaming: Display: Took  0.054s to EndInitTextLocalization.
[2018.06.02-06.43.39:070][  0]LogSlate: New Slate User Created.  User Index 0, Is Virtual User: 0
[2018.06.02-06.43.39:071][  0]LogSlate: Slate User Registered.  User Index 0, Is Virtual User: 0
[2018.06.02-06.43.39:085][  0]LogD3D11RHI: D3D11 adapters:
[2018.06.02-06.43.39:186][  0]LogD3D11RHI:    0. 'NVIDIA GeForce 920MX' (Feature Level 11_0)
[2018.06.02-06.43.39:186][  0]LogD3D11RHI:       2010/0/4033 MB DedicatedVideo/DedicatedSystem/SharedSystem, Outputs:1, VendorId:0x10de
[2018.06.02-06.43.39:205][  0]LogD3D11RHI:    1. 'Intel(R) HD Graphics 520' (Feature Level 11_0)
[2018.06.02-06.43.39:205][  0]LogD3D11RHI:       128/0/4033 MB DedicatedVideo/DedicatedSystem/SharedSystem, Outputs:0, VendorId:0x8086
[2018.06.02-06.43.39:209][  0]LogD3D11RHI:    2. 'Microsoft Basic Render Driver' (Feature Level 11_0)
[2018.06.02-06.43.39:209][  0]LogD3D11RHI:       0/0/4033 MB DedicatedVideo/DedicatedSystem/SharedSystem, Outputs:0, VendorId:0x1414
[2018.06.02-06.43.39:209][  0]LogD3D11RHI: Chosen D3D11 Adapter: 0
[2018.06.02-06.43.39:225][  0]LogD3D11RHI: Creating new Direct3DDevice
[2018.06.02-06.43.39:225][  0]LogD3D11RHI:     GPU DeviceId: 0x134f (for the marketing name, search the web for "GPU Device Id")
[2018.06.02-06.43.39:225][  0]LogWindows: EnumDisplayDevices:
[2018.06.02-06.43.39:226][  0]LogWindows:    0. 'Intel(R) HD Graphics 520' (P:1 D:1)
[2018.06.02-06.43.39:226][  0]LogWindows:    1. 'Intel(R) HD Graphics 520' (P:0 D:0)
[2018.06.02-06.43.39:226][  0]LogWindows:    2. 'Intel(R) HD Graphics 520' (P:0 D:0)
[2018.06.02-06.43.39:227][  0]LogWindows: DebugString: GetVideoDriverDetailsInvalid PrimaryIsNotTheChoosenAdapter GetVideoDriverDetailsInvalid PrimaryIsNotTheChoosenAdapter GetVideoDriverDetailsInvalid PrimaryIsNotTheChoosenAdapter FoundDriverCount:0 
[2018.06.02-06.43.39:227][  0]LogD3D11RHI:     Adapter Name: NVIDIA GeForce 920MX
[2018.06.02-06.43.39:227][  0]LogD3D11RHI:   Driver Version: Unknown (internal:Unknown, unified:Unknown)
[2018.06.02-06.43.39:227][  0]LogD3D11RHI:      Driver Date: Unknown
[2018.06.02-06.43.39:227][  0]LogRHI: Texture pool is 1407 MB (70% of 2010 MB)
[2018.06.02-06.43.39:289][  0]LogD3D11RHI: [Aftermath] Aftermath enabled and primed
[2018.06.02-06.43.39:289][  0]LogD3D11RHI: [Aftermath] Aftermath enabled and primed
[2018.06.02-06.43.39:289][  0]LogD3D11RHI: Async texture creation enabled
[2018.06.02-06.43.39:315][  0]LogD3D11RHI: GPU Timing Frequency: 1000.000000 (Debug: 2 2)
[2018.06.02-06.43.39:329][  0]LogMaterial: Verifying Global Shaders for PCD3D_SM5
[2018.06.02-06.43.39:330][  0]LogSlate: Using Freetype 2.6.0
[2018.06.02-06.43.39:331][  0]LogSlate: SlateFontCache - WITH_FREETYPE: 1, WITH_HARFBUZZ: 1
[2018.06.02-06.43.39:331][  0]LogSlate: SlateFontCache - WITH_FREETYPE: 1, WITH_HARFBUZZ: 1
[2018.06.02-06.43.39:430][  0]LogAssetRegistry: FAssetRegistry took 0.0212 seconds to start up
[2018.06.02-06.43.39:577][  0]LogPackageLocalizationCache: Processed 9 localized package path(s) for 1 prioritized culture(s) in 0.006152 seconds
[2018.06.02-06.43.39:578][  0]LogPakFile: New pak file ../../../Flabriya/Content/Paks/Flabriya-WindowsNoEditor.pak added to pak precacher.
[2018.06.02-06.43.39:580][  0]LogInit: Selected Device Profile: [WindowsNoEditor]
[2018.06.02-06.43.39:642][  0]LogNetVersion: Flabriya , NetCL: 3944462, EngineNetVer: 2, GameNetVer: 0 (Checksum: 3944716489)
[2018.06.02-06.43.39:813][  0]LogMoviePlayer: Initializing movie player
[2018.06.02-06.43.39:987][  0]LogAndroidPermission: UAndroidPermissionCallbackProxy::GetInstance
[2018.06.02-06.43.39:988][  0]LogOcInput: OculusInput pre-init called
[2018.06.02-06.43.40:000][  0]LogUObjectArray: 32214 objects as part of root set at end of initial load.
[2018.06.02-06.43.40:001][  0]LogUObjectAllocator: 5942432 out of 0 bytes used by permanent object pool.
[2018.06.02-06.43.40:001][  0]LogUObjectArray: CloseDisregardForGC: 0/0 objects in disregard for GC pool
[2018.06.02-06.43.40:012][  0]LogEngine: Initializing Engine...
[2018.06.02-06.43.40:014][  0]LogHMD: Failed to initialize OpenVR with code 110
[2018.06.02-06.43.40:029][  0]LogStats: UGameplayTagsManager::ConstructGameplayTagTree: Construct from data asset -  0.000 s
[2018.06.02-06.43.40:029][  0]LogStats: UGameplayTagsManager::ConstructGameplayTagTree: GameplayTagTreeChangedEvent.Broadcast -  0.000 s
[2018.06.02-06.43.40:178][  0]LogInit: XAudio2 using 'Динамики (Realtek High Definition Audio)' : 2 channels at 48 kHz using 32 bits per sample (channel mask 0x3)
[2018.06.02-06.43.40:212][  0]LogInit: FAudioDevice initialized.
[2018.06.02-06.43.40:224][  0]LogInit: Texture streaming: Enabled
[2018.06.02-06.43.40:230][  0]LogInit: Display: Game Engine Initialized.
[2018.06.02-06.43.40:230][  0]LogGameplayTags: Display: UGameplayTagsManager::DoneAddingNativeTags. DelegateIsBound: 0
[2018.06.02-06.43.40:230][  0]LogStats: UGameplayTagsManager::ConstructGameplayTagTree: Construct from data asset -  0.000 s
[2018.06.02-06.43.40:230][  0]LogStats: UGameplayTagsManager::ConstructGameplayTagTree: GameplayTagTreeChangedEvent.Broadcast -  0.000 s
[2018.06.02-06.43.40:250][  0]LogInit: Display: Starting Game.
[2018.06.02-06.43.40:250][  0]LogNet: Browse: /Game/Maps/MainMenu?Name=Player
[2018.06.02-06.43.40:250][  0]LogLoad: LoadMap: /Game/Maps/MainMenu?Name=Player
[2018.06.02-06.43.40:279][  0]LogAIModule: Creating AISystem for world MainMenu
[2018.06.02-06.43.40:280][  0]LogLoad: Game class is 'FlabriyaGameMode'
[2018.06.02-06.43.40:281][  0]LogWorld: Bringing World /Game/Maps/MainMenu.MainMenu up for play (max tick rate 0) at 2018.06.02-09.43.40
[2018.06.02-06.43.40:281][  0]LogWorld: Bringing up level for play took: 0.000806
[2018.06.02-06.43.40:282][  0]LogGameMode: FindPlayerStart: PATHS NOT DEFINED or NO PLAYERSTART with positive rating
[2018.06.02-06.43.40:284][  0]r.SetRes = "1280x720"
[2018.06.02-06.43.40:284][  0]LogUMG: Display: Widget Class MainMenuWidget_C - Loaded Fast Template.
[2018.06.02-06.43.40:288][  0]LogUMG: Display: Widget Class EnterName_C - Loaded Fast Template.
[2018.06.02-06.43.40:289][  0]LogLoad: Took 0.039086 seconds to LoadMap(/Game/Maps/MainMenu)
[2018.06.02-06.43.40:290][  0]LogSlate: Took 0.000185 seconds to synchronously load lazily loaded font '../../../Engine/Content/EngineFonts/Faces/RobotoBold.ufont' (160K)
[2018.06.02-06.43.40:293][  0]LogSlate: Took 0.000251 seconds to synchronously load lazily loaded font '../../../Engine/Content/Slate/Fonts/Roboto-Regular.ttf' (155K)
[2018.06.02-06.43.40:424][  0]LogRenderer: Reallocating scene render targets to support 1280x720 Format 10 NumSamples 1 (Frame:1).
[2018.06.02-06.43.40:486][  0]LogLoad: (Engine Initialization) Total time: 2.29 seconds
[2018.06.02-06.43.40:507][  0]LogContentStreaming: Texture pool size now 1000 MB
[2018.06.02-06.43.44:115][211]LogSlate: FSceneViewport::OnFocusLost() reason 0
[2018.06.02-06.43.46:426][354]LogStreaming: Warning: Failed to read file '../../../Flabriya/Saved/SaveGames/asdfsdfs.sav' error.
[2018.06.02-06.43.46:428][354]LogUMG: Display: Widget Class SaveFailed_C - Loaded Fast Template.
[2018.06.02-06.43.49:170][524]LogNet: Browse: /Game/Maps/EndlessLevel
[2018.06.02-06.43.49:170][524]LogLoad: LoadMap: /Game/Maps/EndlessLevel
[2018.06.02-06.43.49:208][524]LogAIModule: Creating AISystem for world EndlessLevel
[2018.06.02-06.43.49:208][524]LogLoad: Game class is 'FlabriyaGameMode'
[2018.06.02-06.43.49:210][524]LogWorld: Bringing World /Game/Maps/EndlessLevel.EndlessLevel up for play (max tick rate 0) at 2018.06.02-09.43.49
[2018.06.02-06.43.49:210][524]LogWorld: Bringing up level for play took: 0.001582
[2018.06.02-06.43.49:211][524]LogGameMode: FindPlayerStart: PATHS NOT DEFINED or NO PLAYERSTART with positive rating
[2018.06.02-06.43.49:219][524]LogLoad: Took 0.049419 seconds to LoadMap(/Game/Maps/EndlessLevel)
[2018.06.02-06.43.58:731][ 65]LogUMG: Display: Widget Class SettingsMenu_C - Loaded Fast Template.
[2018.06.02-06.44.16:314][ 68]LogSlate: FSceneViewport::OnFocusLost() reason 0
[2018.06.02-06.44.16:454][ 76]LogNet: Browse: /Game/Maps/MainMenu
[2018.06.02-06.44.16:470][ 76]LogLoad: LoadMap: /Game/Maps/MainMenu
[2018.06.02-06.44.16:496][ 76]LogAIModule: Creating AISystem for world MainMenu
[2018.06.02-06.44.16:497][ 76]LogLoad: Game class is 'FlabriyaGameMode'
[2018.06.02-06.44.16:498][ 76]LogWorld: Bringing World /Game/Maps/MainMenu.MainMenu up for play (max tick rate 0) at 2018.06.02-09.44.16
[2018.06.02-06.44.16:498][ 76]LogWorld: Bringing up level for play took: 0.000645
[2018.06.02-06.44.16:499][ 76]LogGameMode: FindPlayerStart: PATHS NOT DEFINED or NO PLAYERSTART with positive rating
[2018.06.02-06.44.16:499][ 76]r.SetRes = "1280x720"
[2018.06.02-06.44.16:500][ 76]LogUMG: Display: Widget Class MainMenuWidget_C - Loaded Fast Template.
[2018.06.02-06.44.16:501][ 76]LogLoad: Took 0.030182 seconds to LoadMap(/Game/Maps/MainMenu)
[2018.06.02-06.44.18:015][169]LogNet: Browse: /Game/Maps/EndlessLevel
[2018.06.02-06.44.18:015][169]LogLoad: LoadMap: /Game/Maps/EndlessLevel
[2018.06.02-06.44.18:053][169]LogAIModule: Creating AISystem for world EndlessLevel
[2018.06.02-06.44.18:053][169]LogLoad: Game class is 'FlabriyaGameMode'
[2018.06.02-06.44.18:054][169]LogWorld: Bringing World /Game/Maps/EndlessLevel.EndlessLevel up for play (max tick rate 0) at 2018.06.02-09.44.18
[2018.06.02-06.44.18:055][169]LogWorld: Bringing up level for play took: 0.000921
[2018.06.02-06.44.18:055][169]LogGameMode: FindPlayerStart: PATHS NOT DEFINED or NO PLAYERSTART with positive rating
[2018.06.02-06.44.18:063][169]LogLoad: Took 0.048222 seconds to LoadMap(/Game/Maps/EndlessLevel)
[2018.06.02-06.44.19:624][258]LogUMG: Display: Widget Class SettingsMenu_C - Loaded Fast Template.
[2018.06.02-06.44.20:268][295]LogSlate: FSceneViewport::OnFocusLost() reason 0
[2018.06.02-06.44.20:380][301]LogNet: Browse: /Game/Maps/MainMenu
[2018.06.02-06.44.20:397][301]LogLoad: LoadMap: /Game/Maps/MainMenu
[2018.06.02-06.44.20:423][301]LogAIModule: Creating AISystem for world MainMenu
[2018.06.02-06.44.20:424][301]LogLoad: Game class is 'FlabriyaGameMode'
[2018.06.02-06.44.20:425][301]LogWorld: Bringing World /Game/Maps/MainMenu.MainMenu up for play (max tick rate 0) at 2018.06.02-09.44.20
[2018.06.02-06.44.20:425][301]LogWorld: Bringing up level for play took: 0.000473
[2018.06.02-06.44.20:425][301]LogGameMode: FindPlayerStart: PATHS NOT DEFINED or NO PLAYERSTART with positive rating
[2018.06.02-06.44.20:426][301]r.SetRes = "1280x720"
[2018.06.02-06.44.20:426][301]LogUMG: Display: Widget Class MainMenuWidget_C - Loaded Fast Template.
[2018.06.02-06.44.20:427][301]LogLoad: Took 0.030126 seconds to LoadMap(/Game/Maps/MainMenu)
[2018.06.02-06.45.45:726][551]LogSlate: Request Window 'Flabriya (64-bit, PCD3D_SM5) ' being destroyed
[2018.06.02-06.45.45:753][551]LogSlate: Window 'Flabriya (64-bit, PCD3D_SM5) ' being destroyed
[2018.06.02-06.45.45:754][551]LogWindowsTextInputMethodSystem: Display: IME system now deactivated.
[2018.06.02-06.45.45:765][551]LogEngine: All Windows Closed
[2018.06.02-06.45.45:765][551]LogWindows: FPlatformMisc::RequestExit(0)
[2018.06.02-06.45.46:081][552]LogSlate: Slate User Destroyed.  User Index 0, Is Virtual User: 0
[2018.06.02-06.45.46:082][552]LogExit: Preparing to exit.
[2018.06.02-06.45.46:082][552]LogMoviePlayer: Shutting down movie player
[2018.06.02-06.45.46:095][552]LogExit: Game engine shut down
[2018.06.02-06.45.46:168][552]LogExit: Object subsystem successfully closed.
[2018.06.02-06.45.46:177][552]LogD3D11RHI: Shutdown
[2018.06.02-06.45.46:177][552]LogD3D11RHI: CleanupD3DDevice
[2018.06.02-06.45.46:180][552]LogD3D11RHI: ~FD3D11DynamicRHI
[2018.06.02-06.45.46:180][552]LogModuleManager: Shutting down and abandoning module AutomationController (178)
[2018.06.02-06.45.46:180][552]LogModuleManager: Shutting down and abandoning module AutomationWorker (176)
[2018.06.02-06.45.46:181][552]LogModuleManager: Shutting down and abandoning module AIModule (174)
[2018.06.02-06.45.46:181][552]LogModuleManager: Shutting down and abandoning module GameplayDebugger (173)
[2018.06.02-06.45.46:181][552]LogModuleManager: Shutting down and abandoning module WmfMediaFactory (170)
[2018.06.02-06.45.46:181][552]LogModuleManager: Shutting down and abandoning module OpenExrWrapper (168)
[2018.06.02-06.45.46:181][552]LogModuleManager: Shutting down and abandoning module ImgMediaFactory (166)
[2018.06.02-06.45.46:181][552]LogModuleManager: Shutting down and abandoning module AvfMediaFactory (164)
[2018.06.02-06.45.46:181][552]LogModuleManager: Shutting down and abandoning module CharacterAI (162)
[2018.06.02-06.45.46:181][552]LogModuleManager: Shutting down and abandoning module SessionServices (160)
[2018.06.02-06.45.46:181][552]LogModuleManager: Shutting down and abandoning module MovieSceneTracks (158)
[2018.06.02-06.45.46:181][552]LogModuleManager: Shutting down and abandoning module MovieScene (156)
[2018.06.02-06.45.46:181][552]LogModuleManager: Shutting down and abandoning module GeometryCache (154)
[2018.06.02-06.45.46:181][552]LogModuleManager: Shutting down and abandoning module StreamingPauseRendering (152)
[2018.06.02-06.45.46:181][552]LogModuleManager: Shutting down and abandoning module AnalyticsET (150)
[2018.06.02-06.45.46:181][552]LogModuleManager: Shutting down and abandoning module ProfilerService (148)
[2018.06.02-06.45.46:316][552]LogModuleManager: Shutting down and abandoning module TaskGraph (146)
[2018.06.02-06.45.46:317][552]LogModuleManager: Shutting down and abandoning module SteamVRController (144)
[2018.06.02-06.45.46:317][552]LogModuleManager: Shutting down and abandoning module OculusInput (142)
[2018.06.02-06.45.46:317][552]LogModuleManager: Shutting down and abandoning module MobilePatchingUtils (140)
[2018.06.02-06.45.46:317][552]LogModuleManager: Shutting down and abandoning module CustomMeshComponent (138)
[2018.06.02-06.45.46:317][552]LogModuleManager: Shutting down and abandoning module CableComponent (136)
[2018.06.02-06.45.46:317][552]LogModuleManager: Shutting down and abandoning module AudioCapture (134)
[2018.06.02-06.45.46:317][552]LogModuleManager: Shutting down and abandoning module ArchVisCharacter (132)
[2018.06.02-06.45.46:317][552]LogModuleManager: Shutting down and abandoning module ProceduralMeshComponent (130)
[2018.06.02-06.45.46:317][552]LogModuleManager: Shutting down and abandoning module AndroidPermission (128)
[2018.06.02-06.45.46:317][552]LogModuleManager: Shutting down and abandoning module MediaCompositing (124)
[2018.06.02-06.45.46:317][552]LogModuleManager: Shutting down and abandoning module LinearTimecode (122)
[2018.06.02-06.45.46:317][552]LogModuleManager: Shutting down and abandoning module ImgMedia (120)
[2018.06.02-06.45.46:318][552]LogModuleManager: Shutting down and abandoning module HTML5Networking (118)
[2018.06.02-06.45.46:318][552]LogModuleManager: Shutting down and abandoning module DatasmithContent (116)
[2018.06.02-06.45.46:318][552]LogModuleManager: Shutting down and abandoning module Flabriya (114)
[2018.06.02-06.45.46:318][552]LogModuleManager: Shutting down and abandoning module RuntimePhysXCooking (112)
[2018.06.02-06.45.46:318][552]LogModuleManager: Shutting down and abandoning module PhysXVehicles (110)
[2018.06.02-06.45.46:319][552]LogModuleManager: Shutting down and abandoning module LocationServicesBPLibrary (108)
[2018.06.02-06.45.46:319][552]LogModuleManager: Shutting down and abandoning module ImmediatePhysics (106)
[2018.06.02-06.45.46:319][552]LogModuleManager: Shutting down and abandoning module LiveLink (104)
[2018.06.02-06.45.46:932][552]LogModuleManager: Shutting down and abandoning module ActorSequence (102)
[2018.06.02-06.45.46:932][552]LogModuleManager: Shutting down and abandoning module UdpMessaging (100)
[2018.06.02-06.45.46:932][552]LogModuleManager: Shutting down and abandoning module TcpMessaging (98)
[2018.06.02-06.45.46:933][552]LogModuleManager: Shutting down and abandoning module FacialAnimation (96)
[2018.06.02-06.45.46:933][552]LogModuleManager: Shutting down and abandoning module LightPropagationVolumeRuntime (94)
[2018.06.02-06.45.46:933][552]LogModuleManager: Shutting down and abandoning module Paper2D (92)
[2018.06.02-06.45.46:933][552]LogModuleManager: Shutting down and abandoning module WindowsMoviePlayer (90)
[2018.06.02-06.45.46:933][552]LogModuleManager: Shutting down and abandoning module WmfMedia (88)
[2018.06.02-06.45.46:933][552]LogModuleManager: Shutting down and abandoning module PacketHandler (86)
[2018.06.02-06.45.46:933][552]LogModuleManager: Shutting down and abandoning module ClothingSystemRuntime (84)
[2018.06.02-06.45.46:934][552]LogModuleManager: Shutting down and abandoning module MediaAssets (82)
[2018.06.02-06.45.46:934][552]LogModuleManager: Shutting down and abandoning module Overlay (80)
[2018.06.02-06.45.46:934][552]LogModuleManager: Shutting down and abandoning module UMG (78)
[2018.06.02-06.45.46:934][552]LogModuleManager: Shutting down and abandoning module SlateReflector (76)
[2018.06.02-06.45.46:934][552]LogModuleManager: Shutting down and abandoning module Slate (74)
[2018.06.02-06.45.46:934][552]LogModuleManager: Shutting down and abandoning module MRMesh (72)
[2018.06.02-06.45.46:934][552]LogModuleManager: Shutting down and abandoning module Messaging (70)
[2018.06.02-06.45.46:934][552]LogModuleManager: Shutting down and abandoning module HeadMountedDisplay (68)
[2018.06.02-06.45.46:934][552]LogModuleManager: Shutting down and abandoning module XAudio2 (66)
[2018.06.02-06.45.46:934][552]LogModuleManager: Shutting down and abandoning module Networking (64)
[2018.06.02-06.45.46:934][552]LogModuleManager: Shutting down and abandoning module Core (62)
[2018.06.02-06.45.46:934][552]LogModuleManager: Shutting down and abandoning module LevelSequence (60)
[2018.06.02-06.45.46:934][552]LogModuleManager: Shutting down and abandoning module Media (58)
[2018.06.02-06.45.46:940][552]LogModuleManager: Shutting down and abandoning module ImageWrapper (54)
[2018.06.02-06.45.46:940][552]LogModuleManager: Shutting down and abandoning module InputCore (52)
[2018.06.02-06.45.46:940][552]LogModuleManager: Shutting down and abandoning module PhysXCooking (50)
[2018.06.02-06.45.46:940][552]LogModuleManager: Shutting down and abandoning module SteamVR (48)
[2018.06.02-06.45.46:940][552]LogModuleManager: Shutting down and abandoning module OculusHMD (46)
[2018.06.02-06.45.46:940][552]LogModuleManager: Shutting down and abandoning module ExampleDeviceProfileSelector (44)
[2018.06.02-06.45.46:940][552]LogModuleManager: Shutting down and abandoning module AppleARKit (42)
[2018.06.02-06.45.46:940][552]LogModuleManager: Shutting down and abandoning module AugmentedReality (39)
[2018.06.02-06.45.46:940][552]LogModuleManager: Shutting down and abandoning module OnlineSubsystem (34)
[2018.06.02-06.45.46:940][552]LogModuleManager: Shutting down and abandoning module HTTP (33)
[2018.06.02-06.45.46:940][552]LogHttp: Display: Http module shutting down, but needs to wait on 1 outstanding Http requests:
[2018.06.02-06.45.46:940][552]LogHttp: Display: 	verb=[POST] url=[https://datarouter.ol.epicgames.com/datarouter/api/v1/public/data?SessionID=%7B63FE3418-4AAB-93AF-BFA5-30894F4AAA6D%7D&AppID=UEGame.Rocket.Release%7C7BF5B7C840B88F528DC5AFAA95F8635F%7C2D%20Side%20Scroller%20Game%20Template&AppVersion=4.19.1-3989454%2B%2B%2BUE4%2BRelease-4.19&UserID=ANON-%7B4505897C-4395-BE15-D352-AAB49BF7C281%7D%7C%7C&AppEnvironment=datacollector-binary&UploadType=eteventstream] status=Processing
[2018.06.02-06.45.46:956][552]LogModuleManager: Shutting down and abandoning module SSL (32)
[2018.06.02-06.45.46:956][552]LogModuleManager: Shutting down and abandoning module ShaderCore (28)
[2018.06.02-06.45.46:956][552]LogModuleManager: Shutting down and abandoning module Landscape (26)
[2018.06.02-06.45.46:956][552]LogModuleManager: Shutting down and abandoning module SlateRHIRenderer (24)
[2018.06.02-06.45.46:957][552]LogModuleManager: Shutting down and abandoning module OpenGLDrv (22)
[2018.06.02-06.45.46:957][552]LogModuleManager: Shutting down and abandoning module D3D11RHI (20)
[2018.06.02-06.45.46:957][552]LogModuleManager: Shutting down and abandoning module AnimGraphRuntime (18)
[2018.06.02-06.45.46:957][552]LogModuleManager: Shutting down and abandoning module Renderer (16)
[2018.06.02-06.45.46:957][552]LogModuleManager: Shutting down and abandoning module Engine (14)
[2018.06.02-06.45.46:957][552]LogModuleManager: Shutting down and abandoning module CoreUObject (12)
[2018.06.02-06.45.46:957][552]LogModuleManager: Shutting down and abandoning module NetworkFile (10)
[2018.06.02-06.45.46:957][552]LogModuleManager: Shutting down and abandoning module CookedIterativeFile (8)
[2018.06.02-06.45.46:957][552]LogModuleManager: Shutting down and abandoning module StreamingFile (6)
[2018.06.02-06.45.46:957][552]LogModuleManager: Shutting down and abandoning module SandboxFile (4)
[2018.06.02-06.45.46:957][552]LogModuleManager: Shutting down and abandoning module PakFile (2)
[2018.06.02-06.45.46:960][552]LogExit: Exiting.
[2018.06.02-06.45.46:962][552]Log file closed, 06/02/18 09:45:46
