Log file open, 06/06/18 09:39:11
LogWindows: Failed to load 'aqProf.dll' (GetLastError=126)
LogWindows: File 'aqProf.dll' does not exist
LogWindows: Failed to load 'VtuneApi.dll' (GetLastError=126)
LogWindows: File 'VtuneApi.dll' does not exist
LogWindows: Failed to load 'VtuneApi32e.dll' (GetLastError=126)
LogWindows: File 'VtuneApi32e.dll' does not exist
LogPlatformFile: Not using cached read wrapper
LogInit: Display: RandInit(921248053) SRandInit(921248053).
LogTaskGraph: Started task graph with 5 named threads and 11 total threads with 3 sets of task threads.
LogStats: Stats thread started at 0.158053
LogD3D11RHI: Aftermath initialized
LogICUInternationalization: Display: ICU TimeZone Detection - Raw Offset: +2:00, Platform Override: ''
LogPluginManager: Mounting plugin Paper2D
LogPluginManager: Mounting plugin LightPropagationVolume
LogPluginManager: Mounting plugin CryptoKeys
LogPluginManager: Mounting plugin FacialAnimation
LogPluginManager: Mounting plugin DatasmithContent
LogPluginManager: Mounting plugin CharacterAI
LogPluginManager: Mounting plugin HTML5Networking
LogPluginManager: Mounting plugin AvfMedia
LogPluginManager: Mounting plugin ImgMedia
LogPluginManager: Mounting plugin LinearTimecode
LogPluginManager: Mounting plugin MediaCompositing
LogPluginManager: Mounting plugin WmfMedia
LogPluginManager: Mounting plugin TcpMessaging
LogPluginManager: Mounting plugin UdpMessaging
LogPluginManager: Mounting plugin ActorSequence
LogPluginManager: Mounting plugin OnlineSubsystem
LogPluginManager: Mounting plugin OnlineSubsystemNull
LogPluginManager: Mounting plugin OnlineSubsystemUtils
LogPluginManager: Mounting plugin AndroidPermission
LogPluginManager: Mounting plugin AppleARKit
LogPluginManager: Mounting plugin ProceduralMeshComponent
LogPluginManager: Mounting plugin LiveLink
LogPluginManager: Mounting plugin ArchVisCharacter
LogPluginManager: Mounting plugin AudioCapture
LogPluginManager: Mounting plugin CableComponent
LogPluginManager: Mounting plugin CustomMeshComponent
LogPluginManager: Mounting plugin ExampleDeviceProfileSelector
LogPluginManager: Mounting plugin ImmediatePhysics
LogPluginManager: Mounting plugin LocationServicesBPLibrary
LogPluginManager: Mounting plugin MobilePatchingUtils
LogPluginManager: Mounting plugin OculusVR
LogPluginManager: Mounting plugin PhysXVehicles
LogPluginManager: Mounting plugin RuntimePhysXCooking
LogPluginManager: Mounting plugin SteamVR
LogPluginManager: Mounting plugin WindowsMoviePlayer
LogStreaming: Display: Took  0.146s to configure plugins.
LogInit: Using libcurl 7.47.1
LogInit:  - built for x86_64-pc-win32
LogInit:  - supports SSL with OpenSSL/1.0.2g
LogInit:  - supports HTTP deflate (compression) using libz 1.2.8
LogInit:  - other features:
LogInit:      CURL_VERSION_SSL
LogInit:      CURL_VERSION_LIBZ
LogInit:      CURL_VERSION_IPV6
LogInit:      CURL_VERSION_ASYNCHDNS
LogInit:      CURL_VERSION_LARGEFILE
LogInit:      CURL_VERSION_IDN
LogInit:  CurlRequestOptions (configurable via config and command line):
LogInit:  - bVerifyPeer = false  - Libcurl will NOT verify peer certificate
LogInit:  - bUseHttpProxy = false  - Libcurl will NOT use HTTP proxy
LogInit:  - bDontReuseConnections = false  - Libcurl will reuse connections
LogInit:  - CertBundlePath = nullptr  - Libcurl will use whatever was configured at build time.
LogInit:  - MaxHostConnections = 16  - Libcurl will limit the number of connections to a host
LogInit:  - LocalHostAddr = Default
LogInit: WinSock: version 1.1 (2.2), MaxSocks=32767, MaxUdp=65467
LogInit: WinSock: I am DESKTOP-VSM96P1 (192.168.0.102:0)
LogInit: Build: ++UE4+Release-4.19-CL-3989454
LogInit: Engine Version: 4.19.1-3989454+++UE4+Release-4.19
LogInit: Compatible Engine Version: 4.19.0-3944462+++UE4+Release-4.19
LogInit: Net CL: 3944462
LogDevObjectVersion: Number of dev versions registered: 18
LogDevObjectVersion:   Dev-Blueprints (B0D832E4-1F89-4F0D-ACCF-7EB736FD4AA2): 10
LogDevObjectVersion:   Dev-Build (E1C64328-A22C-4D53-A36C-8E866417BD8C): 0
LogDevObjectVersion:   Dev-Core (375EC13C-06E4-48FB-B500-84F0262A717E): 2
LogDevObjectVersion:   Dev-Editor (E4B068ED-F494-42E9-A231-DA0B2E46BB41): 23
LogDevObjectVersion:   Dev-Framework (CFFC743F-43B0-4480-9391-14DF171D2073): 33
LogDevObjectVersion:   Dev-Mobile (B02B49B5-BB20-44E9-A304-32B752E40360): 2
LogDevObjectVersion:   Dev-Networking (A4E4105C-59A1-49B5-A7C5-40C4547EDFEE): 0
LogDevObjectVersion:   Dev-Online (39C831C9-5AE6-47DC-9A44-9C173E1C8E7C): 0
LogDevObjectVersion:   Dev-Physics (78F01B33-EBEA-4F98-B9B4-84EACCB95AA2): 0
LogDevObjectVersion:   Dev-Platform (6631380F-2D4D-43E0-8009-CF276956A95A): 0
LogDevObjectVersion:   Dev-Rendering (12F88B9F-8875-4AFC-A67C-D90C383ABD29): 25
LogDevObjectVersion:   Dev-Sequencer (7B5AE74C-D270-4C10-A958-57980B212A5A): 6
LogDevObjectVersion:   Dev-VR (D7296918-1DD6-4BDD-9DE2-64A83CC13884): 1
LogDevObjectVersion:   Dev-LoadTimes (C2A15278-BFE7-4AFE-6C17-90FF531DF755): 1
LogDevObjectVersion:   Private-Geometry (6EACA3D4-40EC-4CC1-B786-8BED09428FC5): 2
LogDevObjectVersion:   Dev-AnimPhys (29E575DD-E0A3-4627-9D10-D276232CDCEA): 16
LogDevObjectVersion:   Dev-ReflectionCapture (6B266CEC-1EC7-4B8F-A30B-E4D90942FC07): 1
LogDevObjectVersion:   Dev-Automation (0DF73D61-A23F-47EA-B727-89E90C41499A): 1
LogInit: Compiled (64-bit): Apr  6 2018 12:29:47
LogInit: Compiled with Visual C++: 19.00.24215.01
LogInit: Build Configuration: Development
LogInit: Branch Name: ++UE4+Release-4.19
LogInit: Command Line:  
LogInit: Base Directory: C:/Users/AndrewMS/Pictures/WindowsNoEditor/Flabriya/Binaries/Win64/
LogInit: Installed Engine Build: 0
LogStreaming: Display: Took  0.001s to delete old logs.
LogInit: Presizing for max 2097152 objects, including 0 objects not considered by GC, pre-allocating 0 bytes for permanent pool.
LogStreaming: Display: Async Loading initialized: Event Driven Loader: true, Async Loading Thread: false
LogInit: Object subsystem initialized
[2018.06.06-06.39.12:161][  0]LogInit: Selected Device Profile: [WindowsNoEditor]
[2018.06.06-06.39.12:161][  0]LogInit: Applying CVar settings loaded from the selected device profile: [WindowsNoEditor]
[2018.06.06-06.39.12:179][  0]LogInit: Computer: DESKTOP-VSM96P1
[2018.06.06-06.39.12:180][  0]LogInit: User: AndrewMS
[2018.06.06-06.39.12:180][  0]LogInit: CPU Page size=4096, Cores=2
[2018.06.06-06.39.12:180][  0]LogInit: High frequency timer resolution =1.945313 MHz
[2018.06.06-06.39.12:180][  0]LogMemory: Memory total: Physical=7.9GB (8GB approx)
[2018.06.06-06.39.12:180][  0]LogMemory: Platform Memory Stats for WindowsNoEditor
[2018.06.06-06.39.12:181][  0]LogMemory: Process Physical Memory: 95.30 MB used, 95.30 MB peak
[2018.06.06-06.39.12:181][  0]LogMemory: Process Virtual Memory: 105.86 MB used, 105.86 MB peak
[2018.06.06-06.39.12:181][  0]LogMemory: Physical Memory: 5137.32 MB used,  2929.32 MB free, 8066.64 MB total
[2018.06.06-06.39.12:181][  0]LogMemory: Virtual Memory: 367.83 MB used,  2929.32 MB free, 134217728.00 MB total
[2018.06.06-06.39.12:241][  0]LogInit: Using OS detected language (ru-RU).
[2018.06.06-06.39.12:241][  0]LogInit: Using OS detected locale (ru-UA).
[2018.06.06-06.39.12:242][  0]LogTextLocalizationManager: No localization for 'ru-RU' exists, so 'en' will be used for the language.
[2018.06.06-06.39.12:242][  0]LogTextLocalizationManager: No localization for 'ru-UA' exists, so 'en' will be used for the locale.
[2018.06.06-06.39.12:323][  0]LogStreaming: Display: Took  0.083s to EndInitTextLocalization.
[2018.06.06-06.39.12:365][  0]LogSlate: New Slate User Created.  User Index 0, Is Virtual User: 0
[2018.06.06-06.39.12:365][  0]LogSlate: Slate User Registered.  User Index 0, Is Virtual User: 0
[2018.06.06-06.39.12:381][  0]LogD3D11RHI: D3D11 adapters:
[2018.06.06-06.39.12:505][  0]LogD3D11RHI:    0. 'NVIDIA GeForce 920MX' (Feature Level 11_0)
[2018.06.06-06.39.12:505][  0]LogD3D11RHI:       2010/0/4033 MB DedicatedVideo/DedicatedSystem/SharedSystem, Outputs:1, VendorId:0x10de
[2018.06.06-06.39.12:526][  0]LogD3D11RHI:    1. 'Intel(R) HD Graphics 520' (Feature Level 11_0)
[2018.06.06-06.39.12:527][  0]LogD3D11RHI:       128/0/4033 MB DedicatedVideo/DedicatedSystem/SharedSystem, Outputs:0, VendorId:0x8086
[2018.06.06-06.39.12:533][  0]LogD3D11RHI:    2. 'Microsoft Basic Render Driver' (Feature Level 11_0)
[2018.06.06-06.39.12:533][  0]LogD3D11RHI:       0/0/4033 MB DedicatedVideo/DedicatedSystem/SharedSystem, Outputs:0, VendorId:0x1414
[2018.06.06-06.39.12:533][  0]LogD3D11RHI: Chosen D3D11 Adapter: 0
[2018.06.06-06.39.12:550][  0]LogD3D11RHI: Creating new Direct3DDevice
[2018.06.06-06.39.12:550][  0]LogD3D11RHI:     GPU DeviceId: 0x134f (for the marketing name, search the web for "GPU Device Id")
[2018.06.06-06.39.12:550][  0]LogWindows: EnumDisplayDevices:
[2018.06.06-06.39.12:550][  0]LogWindows:    0. 'Intel(R) HD Graphics 520' (P:1 D:1)
[2018.06.06-06.39.12:551][  0]LogWindows:    1. 'Intel(R) HD Graphics 520' (P:0 D:0)
[2018.06.06-06.39.12:551][  0]LogWindows:    2. 'Intel(R) HD Graphics 520' (P:0 D:0)
[2018.06.06-06.39.12:551][  0]LogWindows: DebugString: GetVideoDriverDetailsInvalid PrimaryIsNotTheChoosenAdapter GetVideoDriverDetailsInvalid PrimaryIsNotTheChoosenAdapter GetVideoDriverDetailsInvalid PrimaryIsNotTheChoosenAdapter FoundDriverCount:0 
[2018.06.06-06.39.12:551][  0]LogD3D11RHI:     Adapter Name: NVIDIA GeForce 920MX
[2018.06.06-06.39.12:552][  0]LogD3D11RHI:   Driver Version: Unknown (internal:Unknown, unified:Unknown)
[2018.06.06-06.39.12:552][  0]LogD3D11RHI:      Driver Date: Unknown
[2018.06.06-06.39.12:552][  0]LogRHI: Texture pool is 1407 MB (70% of 2010 MB)
[2018.06.06-06.39.12:637][  0]LogD3D11RHI: [Aftermath] Aftermath enabled and primed
[2018.06.06-06.39.12:637][  0]LogD3D11RHI: [Aftermath] Aftermath enabled and primed
[2018.06.06-06.39.12:637][  0]LogD3D11RHI: Async texture creation enabled
[2018.06.06-06.39.12:667][  0]LogD3D11RHI: GPU Timing Frequency: 1000.000000 (Debug: 2 2)
[2018.06.06-06.39.12:690][  0]LogMaterial: Verifying Global Shaders for PCD3D_SM5
[2018.06.06-06.39.12:690][  0]LogSlate: Using Freetype 2.6.0
[2018.06.06-06.39.12:691][  0]LogSlate: SlateFontCache - WITH_FREETYPE: 1, WITH_HARFBUZZ: 1
[2018.06.06-06.39.12:691][  0]LogSlate: SlateFontCache - WITH_FREETYPE: 1, WITH_HARFBUZZ: 1
[2018.06.06-06.39.12:809][  0]LogAssetRegistry: FAssetRegistry took 0.0279 seconds to start up
[2018.06.06-06.39.13:033][  0]LogPackageLocalizationCache: Processed 9 localized package path(s) for 1 prioritized culture(s) in 0.009336 seconds
[2018.06.06-06.39.13:033][  0]LogPakFile: New pak file ../../../Flabriya/Content/Paks/Flabriya-WindowsNoEditor.pak added to pak precacher.
[2018.06.06-06.39.13:035][  0]LogInit: Selected Device Profile: [WindowsNoEditor]
[2018.06.06-06.39.13:123][  0]LogNetVersion: Flabriya , NetCL: 3944462, EngineNetVer: 2, GameNetVer: 0 (Checksum: 3944716489)
[2018.06.06-06.39.13:355][  0]LogMoviePlayer: Initializing movie player
[2018.06.06-06.39.13:615][  0]LogAndroidPermission: UAndroidPermissionCallbackProxy::GetInstance
[2018.06.06-06.39.13:616][  0]LogOcInput: OculusInput pre-init called
[2018.06.06-06.39.13:631][  0]LogUObjectArray: 32246 objects as part of root set at end of initial load.
[2018.06.06-06.39.13:631][  0]LogUObjectAllocator: 5946704 out of 0 bytes used by permanent object pool.
[2018.06.06-06.39.13:631][  0]LogUObjectArray: CloseDisregardForGC: 0/0 objects in disregard for GC pool
[2018.06.06-06.39.13:645][  0]LogEngine: Initializing Engine...
[2018.06.06-06.39.13:651][  0]LogHMD: Failed to initialize OpenVR with code 110
[2018.06.06-06.39.13:671][  0]LogStats: UGameplayTagsManager::ConstructGameplayTagTree: Construct from data asset -  0.000 s
[2018.06.06-06.39.13:671][  0]LogStats: UGameplayTagsManager::ConstructGameplayTagTree: GameplayTagTreeChangedEvent.Broadcast -  0.000 s
[2018.06.06-06.39.13:883][  0]LogInit: XAudio2 using 'Динамики (Realtek High Definition Audio)' : 2 channels at 48 kHz using 32 bits per sample (channel mask 0x3)
[2018.06.06-06.39.13:953][  0]LogInit: FAudioDevice initialized.
[2018.06.06-06.39.13:967][  0]LogInit: Texture streaming: Enabled
[2018.06.06-06.39.13:984][  0]LogInit: Display: Game Engine Initialized.
[2018.06.06-06.39.13:985][  0]LogGameplayTags: Display: UGameplayTagsManager::DoneAddingNativeTags. DelegateIsBound: 0
[2018.06.06-06.39.13:985][  0]LogStats: UGameplayTagsManager::ConstructGameplayTagTree: Construct from data asset -  0.000 s
[2018.06.06-06.39.13:985][  0]LogStats: UGameplayTagsManager::ConstructGameplayTagTree: GameplayTagTreeChangedEvent.Broadcast -  0.000 s
[2018.06.06-06.39.14:026][  0]LogInit: Display: Starting Game.
[2018.06.06-06.39.14:026][  0]LogNet: Browse: /Game/Maps/MainMenu?Name=Player
[2018.06.06-06.39.14:027][  0]LogLoad: LoadMap: /Game/Maps/MainMenu?Name=Player
[2018.06.06-06.39.14:060][  0]LogAIModule: Creating AISystem for world MainMenu
[2018.06.06-06.39.14:060][  0]LogLoad: Game class is 'FlabriyaGameMode'
[2018.06.06-06.39.14:062][  0]LogWorld: Bringing World /Game/Maps/MainMenu.MainMenu up for play (max tick rate 0) at 2018.06.06-09.39.14
[2018.06.06-06.39.14:062][  0]LogWorld: Bringing up level for play took: 0.000855
[2018.06.06-06.39.14:064][  0]LogGameMode: FindPlayerStart: PATHS NOT DEFINED or NO PLAYERSTART with positive rating
[2018.06.06-06.39.14:067][  0]r.SetRes = "1280x720"
[2018.06.06-06.39.14:094][  0]LogUMG: Display: Widget Class EnterName_C - Loaded Fast Template.
[2018.06.06-06.39.14:097][  0]LogLoad: Took 0.069951 seconds to LoadMap(/Game/Maps/MainMenu)
[2018.06.06-06.39.14:098][  0]LogSlate: Took 0.000467 seconds to synchronously load lazily loaded font '../../../Engine/Content/EngineFonts/Faces/RobotoBold.ufont' (160K)
[2018.06.06-06.39.14:100][  0]LogSlate: Took 0.000655 seconds to synchronously load lazily loaded font '../../../Engine/Content/Slate/Fonts/Roboto-Regular.ttf' (155K)
[2018.06.06-06.39.14:399][  0]LogRenderer: Reallocating scene render targets to support 1280x720 Format 10 NumSamples 1 (Frame:1).
[2018.06.06-06.39.14:496][  0]LogLoad: (Engine Initialization) Total time: 3.15 seconds
[2018.06.06-06.39.14:534][  0]LogContentStreaming: Texture pool size now 1000 MB
[2018.06.06-06.39.17:693][ 90]LogSlate: FSceneViewport::OnFocusLost() reason 0
[2018.06.06-06.39.20:294][168]LogUMG: Display: Widget Class MainMenuWidget_C - Loaded Fast Template.
[2018.06.06-06.39.20:299][168]LogStreaming: Warning: Failed to read file '../../../Flabriya/Saved/SaveGames/TableOfLeaders1256789034.sav' error.
[2018.06.06-06.39.22:371][230]LogNet: Browse: /Game/Maps/ThirdLevel
[2018.06.06-06.39.22:371][230]LogLoad: LoadMap: /Game/Maps/ThirdLevel
[2018.06.06-06.39.22:423][230]LogAIModule: Creating AISystem for world ThirdLevel
[2018.06.06-06.39.22:424][230]LogLoad: Game class is 'FlabriyaGameMode'
[2018.06.06-06.39.22:427][230]LogWorld: Bringing World /Game/Maps/ThirdLevel.ThirdLevel up for play (max tick rate 0) at 2018.06.06-09.39.22
[2018.06.06-06.39.22:427][230]LogWorld: Bringing up level for play took: 0.002127
[2018.06.06-06.39.22:428][230]LogGameMode: FindPlayerStart: PATHS NOT DEFINED or NO PLAYERSTART with positive rating
[2018.06.06-06.39.22:442][230]LogLoad: Took 0.071087 seconds to LoadMap(/Game/Maps/ThirdLevel)
[2018.06.06-06.39.24:473][291]LogUMG: Display: Widget Class SettingsMenuBrown_C - Loaded Fast Template.
[2018.06.06-06.39.26:000][337]LogSlate: FSceneViewport::OnFocusLost() reason 0
[2018.06.06-06.39.26:101][340]LogNet: Browse: /Game/Maps/MainMenu
[2018.06.06-06.39.26:102][340]LogLoad: LoadMap: /Game/Maps/MainMenu
[2018.06.06-06.39.26:132][340]LogAIModule: Creating AISystem for world MainMenu
[2018.06.06-06.39.26:132][340]LogLoad: Game class is 'FlabriyaGameMode'
[2018.06.06-06.39.26:134][340]LogWorld: Bringing World /Game/Maps/MainMenu.MainMenu up for play (max tick rate 0) at 2018.06.06-09.39.26
[2018.06.06-06.39.26:134][340]LogWorld: Bringing up level for play took: 0.000708
[2018.06.06-06.39.26:135][340]LogGameMode: FindPlayerStart: PATHS NOT DEFINED or NO PLAYERSTART with positive rating
[2018.06.06-06.39.26:136][340]r.SetRes = "1280x720"
[2018.06.06-06.39.26:161][340]LogUMG: Display: Widget Class MainMenuWidget_C - Loaded Fast Template.
[2018.06.06-06.39.26:163][340]LogStreaming: Warning: Failed to read file '../../../Flabriya/Saved/SaveGames/TableOfLeaders1256789034.sav' error.
[2018.06.06-06.39.26:164][340]LogLoad: Took 0.062142 seconds to LoadMap(/Game/Maps/MainMenu)
[2018.06.06-06.39.27:683][386]LogNet: Browse: /Game/Maps/FlabriyaLevel
[2018.06.06-06.39.27:683][386]LogLoad: LoadMap: /Game/Maps/FlabriyaLevel
[2018.06.06-06.39.27:747][386]LogAIModule: Creating AISystem for world FlabriyaLevel
[2018.06.06-06.39.27:749][386]LogLoad: Game class is 'FlabriyaGameMode'
[2018.06.06-06.39.27:751][386]LogWorld: Bringing World /Game/Maps/FlabriyaLevel.FlabriyaLevel up for play (max tick rate 0) at 2018.06.06-09.39.27
[2018.06.06-06.39.27:751][386]LogWorld: Bringing up level for play took: 0.001617
[2018.06.06-06.39.27:752][386]LogGameMode: FindPlayerStart: PATHS NOT DEFINED or NO PLAYERSTART with positive rating
[2018.06.06-06.39.27:764][386]LogLoad: Took 0.081086 seconds to LoadMap(/Game/Maps/FlabriyaLevel)
[2018.06.06-06.39.28:920][421]LogUMG: Display: Widget Class SettingsMenuPink_C - Loaded Fast Template.
[2018.06.06-06.39.29:514][439]LogSlate: FSceneViewport::OnFocusLost() reason 0
[2018.06.06-06.39.29:614][442]LogNet: Browse: /Game/Maps/MainMenu
[2018.06.06-06.39.29:615][442]LogLoad: LoadMap: /Game/Maps/MainMenu
[2018.06.06-06.39.29:646][442]LogAIModule: Creating AISystem for world MainMenu
[2018.06.06-06.39.29:648][442]LogLoad: Game class is 'FlabriyaGameMode'
[2018.06.06-06.39.29:649][442]LogWorld: Bringing World /Game/Maps/MainMenu.MainMenu up for play (max tick rate 0) at 2018.06.06-09.39.29
[2018.06.06-06.39.29:650][442]LogWorld: Bringing up level for play took: 0.000674
[2018.06.06-06.39.29:650][442]LogGameMode: FindPlayerStart: PATHS NOT DEFINED or NO PLAYERSTART with positive rating
[2018.06.06-06.39.29:651][442]r.SetRes = "1280x720"
[2018.06.06-06.39.29:676][442]LogUMG: Display: Widget Class MainMenuWidget_C - Loaded Fast Template.
[2018.06.06-06.39.29:679][442]LogStreaming: Warning: Failed to read file '../../../Flabriya/Saved/SaveGames/TableOfLeaders1256789034.sav' error.
[2018.06.06-06.39.29:679][442]LogLoad: Took 0.064848 seconds to LoadMap(/Game/Maps/MainMenu)
[2018.06.06-06.39.30:525][468]LogSlate: FSceneViewport::OnFocusLost() reason 0
[2018.06.06-06.39.31:227][489]LogNet: Browse: /Game/Maps/SirenLevel
[2018.06.06-06.39.31:227][489]LogLoad: LoadMap: /Game/Maps/SirenLevel
[2018.06.06-06.39.31:274][489]LogAIModule: Creating AISystem for world SirenLevel
[2018.06.06-06.39.31:274][489]LogLoad: Game class is 'FlabriyaGameMode'
[2018.06.06-06.39.31:277][489]LogWorld: Bringing World /Game/Maps/SirenLevel.SirenLevel up for play (max tick rate 0) at 2018.06.06-09.39.31
[2018.06.06-06.39.31:278][489]LogWorld: Bringing up level for play took: 0.001548
[2018.06.06-06.39.31:278][489]LogGameMode: FindPlayerStart: PATHS NOT DEFINED or NO PLAYERSTART with positive rating
[2018.06.06-06.39.31:292][489]LogLoad: Took 0.065106 seconds to LoadMap(/Game/Maps/SirenLevel)
[2018.06.06-06.39.32:872][537]LogUMG: Display: Widget Class SettingsMenuGreen_C - Loaded Fast Template.
[2018.06.06-06.39.33:567][558]LogSlate: FSceneViewport::OnFocusLost() reason 0
[2018.06.06-06.39.33:668][561]LogNet: Browse: /Game/Maps/MainMenu
[2018.06.06-06.39.33:668][561]LogLoad: LoadMap: /Game/Maps/MainMenu
[2018.06.06-06.39.33:700][561]LogAIModule: Creating AISystem for world MainMenu
[2018.06.06-06.39.33:700][561]LogLoad: Game class is 'FlabriyaGameMode'
[2018.06.06-06.39.33:701][561]LogWorld: Bringing World /Game/Maps/MainMenu.MainMenu up for play (max tick rate 0) at 2018.06.06-09.39.33
[2018.06.06-06.39.33:702][561]LogWorld: Bringing up level for play took: 0.000683
[2018.06.06-06.39.33:702][561]LogGameMode: FindPlayerStart: PATHS NOT DEFINED or NO PLAYERSTART with positive rating
[2018.06.06-06.39.33:703][561]r.SetRes = "1280x720"
[2018.06.06-06.39.33:727][561]LogUMG: Display: Widget Class MainMenuWidget_C - Loaded Fast Template.
[2018.06.06-06.39.33:730][561]LogStreaming: Warning: Failed to read file '../../../Flabriya/Saved/SaveGames/TableOfLeaders1256789034.sav' error.
[2018.06.06-06.39.33:730][561]LogLoad: Took 0.062353 seconds to LoadMap(/Game/Maps/MainMenu)
[2018.06.06-06.39.36:050][631]LogNet: Browse: /Game/Maps/ThirdLevel
[2018.06.06-06.39.36:050][631]LogLoad: LoadMap: /Game/Maps/ThirdLevel
[2018.06.06-06.39.36:100][631]LogAIModule: Creating AISystem for world ThirdLevel
[2018.06.06-06.39.36:101][631]LogLoad: Game class is 'FlabriyaGameMode'
[2018.06.06-06.39.36:103][631]LogWorld: Bringing World /Game/Maps/ThirdLevel.ThirdLevel up for play (max tick rate 0) at 2018.06.06-09.39.36
[2018.06.06-06.39.36:104][631]LogWorld: Bringing up level for play took: 0.001216
[2018.06.06-06.39.36:104][631]LogGameMode: FindPlayerStart: PATHS NOT DEFINED or NO PLAYERSTART with positive rating
[2018.06.06-06.39.36:117][631]LogLoad: Took 0.067313 seconds to LoadMap(/Game/Maps/ThirdLevel)
[2018.06.06-06.40.24:997][ 95]LogUMG: Display: Widget Class SettingsMenuBrown_C - Loaded Fast Template.
[2018.06.06-06.40.28:161][190]LogSlate: FSceneViewport::OnFocusLost() reason 0
[2018.06.06-06.40.34:795][389]LogSlate: FSceneViewport::OnFocusLost() reason 0
[2018.06.06-06.40.34:896][392]LogNet: Browse: /Game/Maps/MainMenu
[2018.06.06-06.40.34:897][392]LogLoad: LoadMap: /Game/Maps/MainMenu
[2018.06.06-06.40.34:927][392]LogAIModule: Creating AISystem for world MainMenu
[2018.06.06-06.40.34:928][392]LogLoad: Game class is 'FlabriyaGameMode'
[2018.06.06-06.40.34:929][392]LogWorld: Bringing World /Game/Maps/MainMenu.MainMenu up for play (max tick rate 0) at 2018.06.06-09.40.34
[2018.06.06-06.40.34:930][392]LogWorld: Bringing up level for play took: 0.000630
[2018.06.06-06.40.34:930][392]LogGameMode: FindPlayerStart: PATHS NOT DEFINED or NO PLAYERSTART with positive rating
[2018.06.06-06.40.34:931][392]r.SetRes = "1280x720"
[2018.06.06-06.40.34:956][392]LogUMG: Display: Widget Class MainMenuWidget_C - Loaded Fast Template.
[2018.06.06-06.40.34:958][392]LogStreaming: Warning: Failed to read file '../../../Flabriya/Saved/SaveGames/TableOfLeaders1256789034.sav' error.
[2018.06.06-06.40.34:959][392]LogLoad: Took 0.062131 seconds to LoadMap(/Game/Maps/MainMenu)
[2018.06.06-06.40.35:099][397]Closing by request
[2018.06.06-06.40.35:099][397]LogWindows: FPlatformMisc::RequestExit(0)
[2018.06.06-06.40.35:675][398]LogSlate: Request Window 'Flabriya (64-bit, PCD3D_SM5) ' being destroyed
[2018.06.06-06.40.35:705][398]LogSlate: Window 'Flabriya (64-bit, PCD3D_SM5) ' being destroyed
[2018.06.06-06.40.35:708][398]LogWindowsTextInputMethodSystem: Display: IME system now deactivated.
[2018.06.06-06.40.35:808][398]LogSlate: Slate User Destroyed.  User Index 0, Is Virtual User: 0
[2018.06.06-06.40.35:809][398]LogExit: Preparing to exit.
[2018.06.06-06.40.35:809][398]LogMoviePlayer: Shutting down movie player
[2018.06.06-06.40.35:824][398]LogExit: Game engine shut down
[2018.06.06-06.40.35:885][398]LogExit: Object subsystem successfully closed.
[2018.06.06-06.40.35:891][398]LogD3D11RHI: Shutdown
[2018.06.06-06.40.35:891][398]LogD3D11RHI: CleanupD3DDevice
[2018.06.06-06.40.35:895][398]LogD3D11RHI: ~FD3D11DynamicRHI
[2018.06.06-06.40.35:895][398]LogModuleManager: Shutting down and abandoning module AutomationController (178)
[2018.06.06-06.40.35:895][398]LogModuleManager: Shutting down and abandoning module AutomationWorker (176)
[2018.06.06-06.40.35:895][398]LogModuleManager: Shutting down and abandoning module AIModule (174)
[2018.06.06-06.40.35:895][398]LogModuleManager: Shutting down and abandoning module GameplayDebugger (173)
[2018.06.06-06.40.35:895][398]LogModuleManager: Shutting down and abandoning module WmfMediaFactory (170)
[2018.06.06-06.40.35:895][398]LogModuleManager: Shutting down and abandoning module OpenExrWrapper (168)
[2018.06.06-06.40.35:895][398]LogModuleManager: Shutting down and abandoning module ImgMediaFactory (166)
[2018.06.06-06.40.35:895][398]LogModuleManager: Shutting down and abandoning module AvfMediaFactory (164)
[2018.06.06-06.40.35:895][398]LogModuleManager: Shutting down and abandoning module CharacterAI (162)
[2018.06.06-06.40.35:895][398]LogModuleManager: Shutting down and abandoning module SessionServices (160)
[2018.06.06-06.40.35:895][398]LogModuleManager: Shutting down and abandoning module MovieSceneTracks (158)
[2018.06.06-06.40.35:895][398]LogModuleManager: Shutting down and abandoning module MovieScene (156)
[2018.06.06-06.40.35:895][398]LogModuleManager: Shutting down and abandoning module GeometryCache (154)
[2018.06.06-06.40.35:895][398]LogModuleManager: Shutting down and abandoning module StreamingPauseRendering (152)
[2018.06.06-06.40.35:895][398]LogModuleManager: Shutting down and abandoning module AnalyticsET (150)
[2018.06.06-06.40.35:895][398]LogModuleManager: Shutting down and abandoning module ProfilerService (148)
[2018.06.06-06.40.35:996][398]LogModuleManager: Shutting down and abandoning module TaskGraph (146)
[2018.06.06-06.40.35:996][398]LogModuleManager: Shutting down and abandoning module SteamVRController (144)
[2018.06.06-06.40.35:996][398]LogModuleManager: Shutting down and abandoning module OculusInput (142)
[2018.06.06-06.40.35:996][398]LogModuleManager: Shutting down and abandoning module MobilePatchingUtils (140)
[2018.06.06-06.40.35:996][398]LogModuleManager: Shutting down and abandoning module CustomMeshComponent (138)
[2018.06.06-06.40.35:996][398]LogModuleManager: Shutting down and abandoning module CableComponent (136)
[2018.06.06-06.40.35:996][398]LogModuleManager: Shutting down and abandoning module AudioCapture (134)
[2018.06.06-06.40.35:996][398]LogModuleManager: Shutting down and abandoning module ArchVisCharacter (132)
[2018.06.06-06.40.35:996][398]LogModuleManager: Shutting down and abandoning module ProceduralMeshComponent (130)
[2018.06.06-06.40.35:996][398]LogModuleManager: Shutting down and abandoning module AndroidPermission (128)
[2018.06.06-06.40.35:996][398]LogModuleManager: Shutting down and abandoning module MediaCompositing (124)
[2018.06.06-06.40.35:996][398]LogModuleManager: Shutting down and abandoning module LinearTimecode (122)
[2018.06.06-06.40.35:996][398]LogModuleManager: Shutting down and abandoning module ImgMedia (120)
[2018.06.06-06.40.35:997][398]LogModuleManager: Shutting down and abandoning module HTML5Networking (118)
[2018.06.06-06.40.35:997][398]LogModuleManager: Shutting down and abandoning module DatasmithContent (116)
[2018.06.06-06.40.35:997][398]LogModuleManager: Shutting down and abandoning module Flabriya (114)
[2018.06.06-06.40.35:997][398]LogModuleManager: Shutting down and abandoning module RuntimePhysXCooking (112)
[2018.06.06-06.40.35:997][398]LogModuleManager: Shutting down and abandoning module PhysXVehicles (110)
[2018.06.06-06.40.35:997][398]LogModuleManager: Shutting down and abandoning module LocationServicesBPLibrary (108)
[2018.06.06-06.40.35:997][398]LogModuleManager: Shutting down and abandoning module ImmediatePhysics (106)
[2018.06.06-06.40.35:997][398]LogModuleManager: Shutting down and abandoning module LiveLink (104)
[2018.06.06-06.40.36:535][398]LogModuleManager: Shutting down and abandoning module ActorSequence (102)
[2018.06.06-06.40.36:535][398]LogModuleManager: Shutting down and abandoning module UdpMessaging (100)
[2018.06.06-06.40.36:535][398]LogModuleManager: Shutting down and abandoning module TcpMessaging (98)
[2018.06.06-06.40.36:535][398]LogModuleManager: Shutting down and abandoning module FacialAnimation (96)
[2018.06.06-06.40.36:536][398]LogModuleManager: Shutting down and abandoning module LightPropagationVolumeRuntime (94)
[2018.06.06-06.40.36:536][398]LogModuleManager: Shutting down and abandoning module Paper2D (92)
[2018.06.06-06.40.36:536][398]LogModuleManager: Shutting down and abandoning module WindowsMoviePlayer (90)
[2018.06.06-06.40.36:536][398]LogModuleManager: Shutting down and abandoning module WmfMedia (88)
[2018.06.06-06.40.36:542][398]LogModuleManager: Shutting down and abandoning module PacketHandler (86)
[2018.06.06-06.40.36:542][398]LogModuleManager: Shutting down and abandoning module ClothingSystemRuntime (84)
[2018.06.06-06.40.36:542][398]LogModuleManager: Shutting down and abandoning module MediaAssets (82)
[2018.06.06-06.40.36:542][398]LogModuleManager: Shutting down and abandoning module Overlay (80)
[2018.06.06-06.40.36:542][398]LogModuleManager: Shutting down and abandoning module UMG (78)
[2018.06.06-06.40.36:542][398]LogModuleManager: Shutting down and abandoning module SlateReflector (76)
[2018.06.06-06.40.36:543][398]LogModuleManager: Shutting down and abandoning module Slate (74)
[2018.06.06-06.40.36:543][398]LogModuleManager: Shutting down and abandoning module MRMesh (72)
[2018.06.06-06.40.36:543][398]LogModuleManager: Shutting down and abandoning module Messaging (70)
[2018.06.06-06.40.36:543][398]LogModuleManager: Shutting down and abandoning module HeadMountedDisplay (68)
[2018.06.06-06.40.36:543][398]LogModuleManager: Shutting down and abandoning module XAudio2 (66)
[2018.06.06-06.40.36:543][398]LogModuleManager: Shutting down and abandoning module Networking (64)
[2018.06.06-06.40.36:543][398]LogModuleManager: Shutting down and abandoning module Core (62)
[2018.06.06-06.40.36:543][398]LogModuleManager: Shutting down and abandoning module LevelSequence (60)
[2018.06.06-06.40.36:543][398]LogModuleManager: Shutting down and abandoning module Media (58)
[2018.06.06-06.40.36:550][398]LogModuleManager: Shutting down and abandoning module ImageWrapper (54)
[2018.06.06-06.40.36:550][398]LogModuleManager: Shutting down and abandoning module InputCore (52)
[2018.06.06-06.40.36:550][398]LogModuleManager: Shutting down and abandoning module PhysXCooking (50)
[2018.06.06-06.40.36:550][398]LogModuleManager: Shutting down and abandoning module SteamVR (48)
[2018.06.06-06.40.36:551][398]LogModuleManager: Shutting down and abandoning module OculusHMD (46)
[2018.06.06-06.40.36:551][398]LogModuleManager: Shutting down and abandoning module ExampleDeviceProfileSelector (44)
[2018.06.06-06.40.36:551][398]LogModuleManager: Shutting down and abandoning module AppleARKit (42)
[2018.06.06-06.40.36:551][398]LogModuleManager: Shutting down and abandoning module AugmentedReality (39)
[2018.06.06-06.40.36:551][398]LogModuleManager: Shutting down and abandoning module OnlineSubsystem (34)
[2018.06.06-06.40.36:551][398]LogModuleManager: Shutting down and abandoning module HTTP (33)
[2018.06.06-06.40.36:552][398]LogHttp: Display: Http module shutting down, but needs to wait on 1 outstanding Http requests:
[2018.06.06-06.40.36:552][398]LogHttp: Display: 	verb=[POST] url=[https://datarouter.ol.epicgames.com/datarouter/api/v1/public/data?SessionID=%7B2EE8070A-472F-D406-AA88-92BE35EFEDBB%7D&AppID=UEGame.Rocket.Release%7C7BF5B7C840B88F528DC5AFAA95F8635F%7C2D%20Side%20Scroller%20Game%20Template&AppVersion=4.19.1-3989454%2B%2B%2BUE4%2BRelease-4.19&UserID=ANON-%7B4505897C-4395-BE15-D352-AAB49BF7C281%7D%7C%7C&AppEnvironment=datacollector-binary&UploadType=eteventstream] status=Processing
[2018.06.06-06.40.36:566][398]LogModuleManager: Shutting down and abandoning module SSL (32)
[2018.06.06-06.40.36:566][398]LogModuleManager: Shutting down and abandoning module ShaderCore (28)
[2018.06.06-06.40.36:566][398]LogModuleManager: Shutting down and abandoning module Landscape (26)
[2018.06.06-06.40.36:567][398]LogModuleManager: Shutting down and abandoning module SlateRHIRenderer (24)
[2018.06.06-06.40.36:568][398]LogModuleManager: Shutting down and abandoning module OpenGLDrv (22)
[2018.06.06-06.40.36:569][398]LogModuleManager: Shutting down and abandoning module D3D11RHI (20)
[2018.06.06-06.40.36:569][398]LogModuleManager: Shutting down and abandoning module AnimGraphRuntime (18)
[2018.06.06-06.40.36:569][398]LogModuleManager: Shutting down and abandoning module Renderer (16)
[2018.06.06-06.40.36:569][398]LogModuleManager: Shutting down and abandoning module Engine (14)
[2018.06.06-06.40.36:569][398]LogModuleManager: Shutting down and abandoning module CoreUObject (12)
[2018.06.06-06.40.36:569][398]LogModuleManager: Shutting down and abandoning module NetworkFile (10)
[2018.06.06-06.40.36:570][398]LogModuleManager: Shutting down and abandoning module CookedIterativeFile (8)
[2018.06.06-06.40.36:570][398]LogModuleManager: Shutting down and abandoning module StreamingFile (6)
[2018.06.06-06.40.36:570][398]LogModuleManager: Shutting down and abandoning module SandboxFile (4)
[2018.06.06-06.40.36:570][398]LogModuleManager: Shutting down and abandoning module PakFile (2)
[2018.06.06-06.40.36:574][398]LogExit: Exiting.
[2018.06.06-06.40.36:578][398]Log file closed, 06/06/18 09:40:36
