Log file open, 06/06/18 10:05:19
LogWindows: Failed to load 'aqProf.dll' (GetLastError=126)
LogWindows: File 'aqProf.dll' does not exist
LogWindows: Failed to load 'VtuneApi.dll' (GetLastError=126)
LogWindows: File 'VtuneApi.dll' does not exist
LogWindows: Failed to load 'VtuneApi32e.dll' (GetLastError=126)
LogWindows: File 'VtuneApi32e.dll' does not exist
LogPlatformFile: Not using cached read wrapper
LogInit: Display: RandInit(-323000379) SRandInit(-323000379).
LogTaskGraph: Started task graph with 5 named threads and 11 total threads with 3 sets of task threads.
LogStats: Stats thread started at 0.155378
LogD3D11RHI: Aftermath initialized
LogICUInternationalization: Display: ICU TimeZone Detection - Raw Offset: +2:00, Platform Override: ''
LogPluginManager: Mounting plugin Paper2D
LogPluginManager: Mounting plugin LightPropagationVolume
LogPluginManager: Mounting plugin CryptoKeys
LogPluginManager: Mounting plugin FacialAnimation
LogPluginManager: Mounting plugin DatasmithContent
LogPluginManager: Mounting plugin CharacterAI
LogPluginManager: Mounting plugin HTML5Networking
LogPluginManager: Mounting plugin AvfMedia
LogPluginManager: Mounting plugin ImgMedia
LogPluginManager: Mounting plugin LinearTimecode
LogPluginManager: Mounting plugin MediaCompositing
LogPluginManager: Mounting plugin WmfMedia
LogPluginManager: Mounting plugin TcpMessaging
LogPluginManager: Mounting plugin UdpMessaging
LogPluginManager: Mounting plugin ActorSequence
LogPluginManager: Mounting plugin OnlineSubsystem
LogPluginManager: Mounting plugin OnlineSubsystemNull
LogPluginManager: Mounting plugin OnlineSubsystemUtils
LogPluginManager: Mounting plugin AndroidPermission
LogPluginManager: Mounting plugin AppleARKit
LogPluginManager: Mounting plugin ProceduralMeshComponent
LogPluginManager: Mounting plugin LiveLink
LogPluginManager: Mounting plugin ArchVisCharacter
LogPluginManager: Mounting plugin AudioCapture
LogPluginManager: Mounting plugin CableComponent
LogPluginManager: Mounting plugin CustomMeshComponent
LogPluginManager: Mounting plugin ExampleDeviceProfileSelector
LogPluginManager: Mounting plugin ImmediatePhysics
LogPluginManager: Mounting plugin LocationServicesBPLibrary
LogPluginManager: Mounting plugin MobilePatchingUtils
LogPluginManager: Mounting plugin OculusVR
LogPluginManager: Mounting plugin PhysXVehicles
LogPluginManager: Mounting plugin RuntimePhysXCooking
LogPluginManager: Mounting plugin SteamVR
LogPluginManager: Mounting plugin WindowsMoviePlayer
LogStreaming: Display: Took  0.062s to configure plugins.
LogInit: Using libcurl 7.47.1
LogInit:  - built for x86_64-pc-win32
LogInit:  - supports SSL with OpenSSL/1.0.2g
LogInit:  - supports HTTP deflate (compression) using libz 1.2.8
LogInit:  - other features:
LogInit:      CURL_VERSION_SSL
LogInit:      CURL_VERSION_LIBZ
LogInit:      CURL_VERSION_IPV6
LogInit:      CURL_VERSION_ASYNCHDNS
LogInit:      CURL_VERSION_LARGEFILE
LogInit:      CURL_VERSION_IDN
LogInit:  CurlRequestOptions (configurable via config and command line):
LogInit:  - bVerifyPeer = false  - Libcurl will NOT verify peer certificate
LogInit:  - bUseHttpProxy = false  - Libcurl will NOT use HTTP proxy
LogInit:  - bDontReuseConnections = false  - Libcurl will reuse connections
LogInit:  - CertBundlePath = nullptr  - Libcurl will use whatever was configured at build time.
LogInit:  - MaxHostConnections = 16  - Libcurl will limit the number of connections to a host
LogInit:  - LocalHostAddr = Default
LogInit: WinSock: version 1.1 (2.2), MaxSocks=32767, MaxUdp=65467
LogInit: WinSock: I am DESKTOP-VSM96P1 (192.168.0.102:0)
LogInit: Build: ++UE4+Release-4.19-CL-3989454
LogInit: Engine Version: 4.19.1-3989454+++UE4+Release-4.19
LogInit: Compatible Engine Version: 4.19.0-3944462+++UE4+Release-4.19
LogInit: Net CL: 3944462
LogDevObjectVersion: Number of dev versions registered: 18
LogDevObjectVersion:   Dev-Blueprints (B0D832E4-1F89-4F0D-ACCF-7EB736FD4AA2): 10
LogDevObjectVersion:   Dev-Build (E1C64328-A22C-4D53-A36C-8E866417BD8C): 0
LogDevObjectVersion:   Dev-Core (375EC13C-06E4-48FB-B500-84F0262A717E): 2
LogDevObjectVersion:   Dev-Editor (E4B068ED-F494-42E9-A231-DA0B2E46BB41): 23
LogDevObjectVersion:   Dev-Framework (CFFC743F-43B0-4480-9391-14DF171D2073): 33
LogDevObjectVersion:   Dev-Mobile (B02B49B5-BB20-44E9-A304-32B752E40360): 2
LogDevObjectVersion:   Dev-Networking (A4E4105C-59A1-49B5-A7C5-40C4547EDFEE): 0
LogDevObjectVersion:   Dev-Online (39C831C9-5AE6-47DC-9A44-9C173E1C8E7C): 0
LogDevObjectVersion:   Dev-Physics (78F01B33-EBEA-4F98-B9B4-84EACCB95AA2): 0
LogDevObjectVersion:   Dev-Platform (6631380F-2D4D-43E0-8009-CF276956A95A): 0
LogDevObjectVersion:   Dev-Rendering (12F88B9F-8875-4AFC-A67C-D90C383ABD29): 25
LogDevObjectVersion:   Dev-Sequencer (7B5AE74C-D270-4C10-A958-57980B212A5A): 6
LogDevObjectVersion:   Dev-VR (D7296918-1DD6-4BDD-9DE2-64A83CC13884): 1
LogDevObjectVersion:   Dev-LoadTimes (C2A15278-BFE7-4AFE-6C17-90FF531DF755): 1
LogDevObjectVersion:   Private-Geometry (6EACA3D4-40EC-4CC1-B786-8BED09428FC5): 2
LogDevObjectVersion:   Dev-AnimPhys (29E575DD-E0A3-4627-9D10-D276232CDCEA): 16
LogDevObjectVersion:   Dev-ReflectionCapture (6B266CEC-1EC7-4B8F-A30B-E4D90942FC07): 1
LogDevObjectVersion:   Dev-Automation (0DF73D61-A23F-47EA-B727-89E90C41499A): 1
LogInit: Compiled (64-bit): Apr  6 2018 12:29:47
LogInit: Compiled with Visual C++: 19.00.24215.01
LogInit: Build Configuration: Development
LogInit: Branch Name: ++UE4+Release-4.19
LogInit: Command Line:  
LogInit: Base Directory: C:/Users/AndrewMS/Pictures/WindowsNoEditor/Flabriya/Binaries/Win64/
LogInit: Installed Engine Build: 0
LogStreaming: Display: Took  0.003s to delete old logs.
LogInit: Presizing for max 2097152 objects, including 0 objects not considered by GC, pre-allocating 0 bytes for permanent pool.
LogStreaming: Display: Async Loading initialized: Event Driven Loader: true, Async Loading Thread: false
LogInit: Object subsystem initialized
[2018.06.06-07.05.20:129][  0]LogInit: Selected Device Profile: [WindowsNoEditor]
[2018.06.06-07.05.20:130][  0]LogInit: Applying CVar settings loaded from the selected device profile: [WindowsNoEditor]
[2018.06.06-07.05.20:147][  0]LogInit: Computer: DESKTOP-VSM96P1
[2018.06.06-07.05.20:147][  0]LogInit: User: AndrewMS
[2018.06.06-07.05.20:147][  0]LogInit: CPU Page size=4096, Cores=2
[2018.06.06-07.05.20:147][  0]LogInit: High frequency timer resolution =1.945313 MHz
[2018.06.06-07.05.20:147][  0]LogMemory: Memory total: Physical=7.9GB (8GB approx)
[2018.06.06-07.05.20:147][  0]LogMemory: Platform Memory Stats for WindowsNoEditor
[2018.06.06-07.05.20:147][  0]LogMemory: Process Physical Memory: 95.29 MB used, 95.29 MB peak
[2018.06.06-07.05.20:147][  0]LogMemory: Process Virtual Memory: 105.85 MB used, 105.85 MB peak
[2018.06.06-07.05.20:148][  0]LogMemory: Physical Memory: 5988.40 MB used,  2078.23 MB free, 8066.64 MB total
[2018.06.06-07.05.20:148][  0]LogMemory: Virtual Memory: 367.77 MB used,  2078.23 MB free, 134217728.00 MB total
[2018.06.06-07.05.20:190][  0]LogInit: Using OS detected language (ru-RU).
[2018.06.06-07.05.20:190][  0]LogInit: Using OS detected locale (ru-UA).
[2018.06.06-07.05.20:190][  0]LogTextLocalizationManager: No localization for 'ru-RU' exists, so 'en' will be used for the language.
[2018.06.06-07.05.20:190][  0]LogTextLocalizationManager: No localization for 'ru-UA' exists, so 'en' will be used for the locale.
[2018.06.06-07.05.20:236][  0]LogStreaming: Display: Took  0.046s to EndInitTextLocalization.
[2018.06.06-07.05.20:267][  0]LogSlate: New Slate User Created.  User Index 0, Is Virtual User: 0
[2018.06.06-07.05.20:267][  0]LogSlate: Slate User Registered.  User Index 0, Is Virtual User: 0
[2018.06.06-07.05.20:280][  0]LogD3D11RHI: D3D11 adapters:
[2018.06.06-07.05.20:371][  0]LogD3D11RHI:    0. 'NVIDIA GeForce 920MX' (Feature Level 11_0)
[2018.06.06-07.05.20:372][  0]LogD3D11RHI:       2010/0/4033 MB DedicatedVideo/DedicatedSystem/SharedSystem, Outputs:1, VendorId:0x10de
[2018.06.06-07.05.20:389][  0]LogD3D11RHI:    1. 'Intel(R) HD Graphics 520' (Feature Level 11_0)
[2018.06.06-07.05.20:389][  0]LogD3D11RHI:       128/0/4033 MB DedicatedVideo/DedicatedSystem/SharedSystem, Outputs:0, VendorId:0x8086
[2018.06.06-07.05.20:393][  0]LogD3D11RHI:    2. 'Microsoft Basic Render Driver' (Feature Level 11_0)
[2018.06.06-07.05.20:393][  0]LogD3D11RHI:       0/0/4033 MB DedicatedVideo/DedicatedSystem/SharedSystem, Outputs:0, VendorId:0x1414
[2018.06.06-07.05.20:393][  0]LogD3D11RHI: Chosen D3D11 Adapter: 0
[2018.06.06-07.05.20:409][  0]LogD3D11RHI: Creating new Direct3DDevice
[2018.06.06-07.05.20:409][  0]LogD3D11RHI:     GPU DeviceId: 0x134f (for the marketing name, search the web for "GPU Device Id")
[2018.06.06-07.05.20:409][  0]LogWindows: EnumDisplayDevices:
[2018.06.06-07.05.20:410][  0]LogWindows:    0. 'Intel(R) HD Graphics 520' (P:1 D:1)
[2018.06.06-07.05.20:410][  0]LogWindows:    1. 'Intel(R) HD Graphics 520' (P:0 D:0)
[2018.06.06-07.05.20:410][  0]LogWindows:    2. 'Intel(R) HD Graphics 520' (P:0 D:0)
[2018.06.06-07.05.20:410][  0]LogWindows: DebugString: GetVideoDriverDetailsInvalid PrimaryIsNotTheChoosenAdapter GetVideoDriverDetailsInvalid PrimaryIsNotTheChoosenAdapter GetVideoDriverDetailsInvalid PrimaryIsNotTheChoosenAdapter FoundDriverCount:0 
[2018.06.06-07.05.20:410][  0]LogD3D11RHI:     Adapter Name: NVIDIA GeForce 920MX
[2018.06.06-07.05.20:411][  0]LogD3D11RHI:   Driver Version: Unknown (internal:Unknown, unified:Unknown)
[2018.06.06-07.05.20:411][  0]LogD3D11RHI:      Driver Date: Unknown
[2018.06.06-07.05.20:411][  0]LogRHI: Texture pool is 1407 MB (70% of 2010 MB)
[2018.06.06-07.05.20:475][  0]LogD3D11RHI: [Aftermath] Aftermath enabled and primed
[2018.06.06-07.05.20:475][  0]LogD3D11RHI: [Aftermath] Aftermath enabled and primed
[2018.06.06-07.05.20:475][  0]LogD3D11RHI: Async texture creation enabled
[2018.06.06-07.05.20:513][  0]LogD3D11RHI: GPU Timing Frequency: 1000.000000 (Debug: 2 4)
[2018.06.06-07.05.20:535][  0]LogMaterial: Verifying Global Shaders for PCD3D_SM5
[2018.06.06-07.05.20:536][  0]LogSlate: Using Freetype 2.6.0
[2018.06.06-07.05.20:537][  0]LogSlate: SlateFontCache - WITH_FREETYPE: 1, WITH_HARFBUZZ: 1
[2018.06.06-07.05.20:537][  0]LogSlate: SlateFontCache - WITH_FREETYPE: 1, WITH_HARFBUZZ: 1
[2018.06.06-07.05.20:671][  0]LogAssetRegistry: FAssetRegistry took 0.0373 seconds to start up
[2018.06.06-07.05.20:926][  0]LogPackageLocalizationCache: Processed 9 localized package path(s) for 1 prioritized culture(s) in 0.006580 seconds
[2018.06.06-07.05.20:926][  0]LogPakFile: New pak file ../../../Flabriya/Content/Paks/Flabriya-WindowsNoEditor.pak added to pak precacher.
[2018.06.06-07.05.20:929][  0]LogInit: Selected Device Profile: [WindowsNoEditor]
[2018.06.06-07.05.20:999][  0]LogNetVersion: Flabriya , NetCL: 3944462, EngineNetVer: 2, GameNetVer: 0 (Checksum: 3944716489)
[2018.06.06-07.05.21:185][  0]LogMoviePlayer: Initializing movie player
[2018.06.06-07.05.21:392][  0]LogAndroidPermission: UAndroidPermissionCallbackProxy::GetInstance
[2018.06.06-07.05.21:393][  0]LogOcInput: OculusInput pre-init called
[2018.06.06-07.05.21:403][  0]LogUObjectArray: 32246 objects as part of root set at end of initial load.
[2018.06.06-07.05.21:404][  0]LogUObjectAllocator: 5946704 out of 0 bytes used by permanent object pool.
[2018.06.06-07.05.21:404][  0]LogUObjectArray: CloseDisregardForGC: 0/0 objects in disregard for GC pool
[2018.06.06-07.05.21:415][  0]LogEngine: Initializing Engine...
[2018.06.06-07.05.21:419][  0]LogHMD: Failed to initialize OpenVR with code 110
[2018.06.06-07.05.21:435][  0]LogStats: UGameplayTagsManager::ConstructGameplayTagTree: Construct from data asset -  0.000 s
[2018.06.06-07.05.21:435][  0]LogStats: UGameplayTagsManager::ConstructGameplayTagTree: GameplayTagTreeChangedEvent.Broadcast -  0.000 s
[2018.06.06-07.05.21:603][  0]LogInit: XAudio2 using 'Динамики (Realtek High Definition Audio)' : 2 channels at 48 kHz using 32 bits per sample (channel mask 0x3)
[2018.06.06-07.05.21:644][  0]LogInit: FAudioDevice initialized.
[2018.06.06-07.05.21:657][  0]LogInit: Texture streaming: Enabled
[2018.06.06-07.05.21:667][  0]LogInit: Display: Game Engine Initialized.
[2018.06.06-07.05.21:667][  0]LogGameplayTags: Display: UGameplayTagsManager::DoneAddingNativeTags. DelegateIsBound: 0
[2018.06.06-07.05.21:668][  0]LogStats: UGameplayTagsManager::ConstructGameplayTagTree: Construct from data asset -  0.000 s
[2018.06.06-07.05.21:668][  0]LogStats: UGameplayTagsManager::ConstructGameplayTagTree: GameplayTagTreeChangedEvent.Broadcast -  0.000 s
[2018.06.06-07.05.21:690][  0]LogInit: Display: Starting Game.
[2018.06.06-07.05.21:690][  0]LogNet: Browse: /Game/Maps/MainMenu?Name=Player
[2018.06.06-07.05.21:690][  0]LogLoad: LoadMap: /Game/Maps/MainMenu?Name=Player
[2018.06.06-07.05.21:722][  0]LogAIModule: Creating AISystem for world MainMenu
[2018.06.06-07.05.21:722][  0]LogLoad: Game class is 'FlabriyaGameMode'
[2018.06.06-07.05.21:723][  0]LogWorld: Bringing World /Game/Maps/MainMenu.MainMenu up for play (max tick rate 0) at 2018.06.06-10.05.21
[2018.06.06-07.05.21:724][  0]LogWorld: Bringing up level for play took: 0.000789
[2018.06.06-07.05.21:725][  0]LogGameMode: FindPlayerStart: PATHS NOT DEFINED or NO PLAYERSTART with positive rating
[2018.06.06-07.05.21:727][  0]r.SetRes = "1280x720"
[2018.06.06-07.05.21:753][  0]LogUMG: Display: Widget Class EnterName_C - Loaded Fast Template.
[2018.06.06-07.05.21:755][  0]LogLoad: Took 0.064102 seconds to LoadMap(/Game/Maps/MainMenu)
[2018.06.06-07.05.21:756][  0]LogSlate: Took 0.000327 seconds to synchronously load lazily loaded font '../../../Engine/Content/EngineFonts/Faces/RobotoBold.ufont' (160K)
[2018.06.06-07.05.21:757][  0]LogSlate: Took 0.000251 seconds to synchronously load lazily loaded font '../../../Engine/Content/Slate/Fonts/Roboto-Regular.ttf' (155K)
[2018.06.06-07.05.21:909][  0]LogRenderer: Reallocating scene render targets to support 1280x720 Format 10 NumSamples 1 (Frame:1).
[2018.06.06-07.05.21:987][  0]LogLoad: (Engine Initialization) Total time: 2.41 seconds
[2018.06.06-07.05.22:024][  0]LogContentStreaming: Texture pool size now 1000 MB
[2018.06.06-07.05.25:823][104]LogRenderer: Reallocating scene render targets to support 1920x1080 Format 10 NumSamples 1 (Frame:106).
[2018.06.06-07.05.27:640][149]LogSlate: FSceneViewport::OnFocusLost() reason 0
[2018.06.06-07.05.38:306][465]LogUMG: Display: Widget Class MainMenuWidget_C - Loaded Fast Template.
[2018.06.06-07.05.38:309][465]LogStreaming: Warning: Failed to read file '../../../Flabriya/Saved/SaveGames/Kolya.sav' error.
[2018.06.06-07.05.40:340][521]LogSlate: FSceneViewport::OnFocusLost() reason 0
[2018.06.06-07.05.41:441][554]LogNet: Browse: /Game/Maps/SirenLevel
[2018.06.06-07.05.41:442][554]LogLoad: LoadMap: /Game/Maps/SirenLevel
[2018.06.06-07.05.41:807][554]LogAIModule: Creating AISystem for world SirenLevel
[2018.06.06-07.05.41:807][554]LogLoad: Game class is 'FlabriyaGameMode'
[2018.06.06-07.05.41:851][554]LogWorld: Bringing World /Game/Maps/SirenLevel.SirenLevel up for play (max tick rate 0) at 2018.06.06-10.05.41
[2018.06.06-07.05.41:851][554]LogWorld: Bringing up level for play took: 0.043241
[2018.06.06-07.05.41:852][554]LogGameMode: FindPlayerStart: PATHS NOT DEFINED or NO PLAYERSTART with positive rating
[2018.06.06-07.05.41:864][554]LogLoad: Took 0.422392 seconds to LoadMap(/Game/Maps/SirenLevel)
[2018.06.06-07.05.49:349][722]LogUMG: Display: Widget Class SettingsMenuGreen_C - Loaded Fast Template.
[2018.06.06-07.05.50:280][745]LogSlate: FSceneViewport::OnFocusLost() reason 0
[2018.06.06-07.06.02:257][ 18]LogSlate: FSceneViewport::OnFocusLost() reason 0
[2018.06.06-07.06.46:534][ 54]LogUMG: Display: Widget Class LevelWonGreen_C - Loaded Fast Template.
[2018.06.06-07.06.48:354][ 96]LogSlate: FSceneViewport::OnFocusLost() reason 0
[2018.06.06-07.06.48:525][100]LogNet: Browse: /Game/Maps/MainMenu
[2018.06.06-07.06.48:570][100]LogLoad: LoadMap: /Game/Maps/MainMenu
[2018.06.06-07.06.48:599][100]LogAIModule: Creating AISystem for world MainMenu
[2018.06.06-07.06.48:599][100]LogLoad: Game class is 'FlabriyaGameMode'
[2018.06.06-07.06.48:600][100]LogWorld: Bringing World /Game/Maps/MainMenu.MainMenu up for play (max tick rate 0) at 2018.06.06-10.06.48
[2018.06.06-07.06.48:601][100]LogWorld: Bringing up level for play took: 0.000610
[2018.06.06-07.06.48:601][100]LogGameMode: FindPlayerStart: PATHS NOT DEFINED or NO PLAYERSTART with positive rating
[2018.06.06-07.06.48:602][100]r.SetRes = "1280x720"
[2018.06.06-07.06.48:635][100]LogUMG: Display: Widget Class MainMenuWidget_C - Loaded Fast Template.
[2018.06.06-07.06.48:639][100]LogLoad: Took 0.069442 seconds to LoadMap(/Game/Maps/MainMenu)
[2018.06.06-07.06.49:699][131]LogUMG: Display: Widget Class Leaderboard_C - Loaded Fast Template.
[2018.06.06-07.06.54:710][281]LogNet: Browse: /Game/Maps/FlabriyaLevel
[2018.06.06-07.06.54:710][281]LogLoad: LoadMap: /Game/Maps/FlabriyaLevel
[2018.06.06-07.06.54:776][281]LogAIModule: Creating AISystem for world FlabriyaLevel
[2018.06.06-07.06.54:777][281]LogLoad: Game class is 'FlabriyaGameMode'
[2018.06.06-07.06.54:779][281]LogWorld: Bringing World /Game/Maps/FlabriyaLevel.FlabriyaLevel up for play (max tick rate 0) at 2018.06.06-10.06.54
[2018.06.06-07.06.54:779][281]LogWorld: Bringing up level for play took: 0.001029
[2018.06.06-07.06.54:779][281]LogGameMode: FindPlayerStart: PATHS NOT DEFINED or NO PLAYERSTART with positive rating
[2018.06.06-07.06.54:789][281]LogLoad: Took 0.079136 seconds to LoadMap(/Game/Maps/FlabriyaLevel)
[2018.06.06-07.07.35:631][236]LogUMG: Display: Widget Class SettingsMenuPink_C - Loaded Fast Template.
[2018.06.06-07.07.36:691][261]LogSlate: FSceneViewport::OnFocusLost() reason 0
[2018.06.06-07.07.36:857][265]LogNet: Browse: /Game/Maps/MainMenu
[2018.06.06-07.07.36:905][265]LogLoad: LoadMap: /Game/Maps/MainMenu
[2018.06.06-07.07.36:933][265]LogAIModule: Creating AISystem for world MainMenu
[2018.06.06-07.07.36:933][265]LogLoad: Game class is 'FlabriyaGameMode'
[2018.06.06-07.07.36:934][265]LogWorld: Bringing World /Game/Maps/MainMenu.MainMenu up for play (max tick rate 0) at 2018.06.06-10.07.36
[2018.06.06-07.07.36:935][265]LogWorld: Bringing up level for play took: 0.000555
[2018.06.06-07.07.36:935][265]LogGameMode: FindPlayerStart: PATHS NOT DEFINED or NO PLAYERSTART with positive rating
[2018.06.06-07.07.36:936][265]r.SetRes = "1280x720"
[2018.06.06-07.07.36:964][265]LogUMG: Display: Widget Class MainMenuWidget_C - Loaded Fast Template.
[2018.06.06-07.07.36:970][265]LogLoad: Took 0.064029 seconds to LoadMap(/Game/Maps/MainMenu)
[2018.06.06-07.08.27:477][593]LogWindowsTextInputMethodSystem: Display: IME system now deactivated.
[2018.06.06-07.08.27:477][593]LogWindowsTextInputMethodSystem: Display: IME system now deactivated.
[2018.06.06-07.08.29:643][658]LogNet: Browse: /Game/Maps/FlabriyaLevel
[2018.06.06-07.08.29:643][658]LogLoad: LoadMap: /Game/Maps/FlabriyaLevel
[2018.06.06-07.08.29:694][658]LogAIModule: Creating AISystem for world FlabriyaLevel
[2018.06.06-07.08.29:695][658]LogLoad: Game class is 'FlabriyaGameMode'
[2018.06.06-07.08.29:697][658]LogWorld: Bringing World /Game/Maps/FlabriyaLevel.FlabriyaLevel up for play (max tick rate 0) at 2018.06.06-10.08.29
[2018.06.06-07.08.29:698][658]LogWorld: Bringing up level for play took: 0.001743
[2018.06.06-07.08.29:698][658]LogGameMode: FindPlayerStart: PATHS NOT DEFINED or NO PLAYERSTART with positive rating
[2018.06.06-07.08.29:708][658]LogLoad: Took 0.064998 seconds to LoadMap(/Game/Maps/FlabriyaLevel)
[2018.06.06-07.09.28:212][ 19]LogUMG: Display: Widget Class LevelWonPink_C - Loaded Fast Template.
[2018.06.06-07.09.29:294][ 45]LogSlate: FSceneViewport::OnFocusLost() reason 0
[2018.06.06-07.09.29:549][ 51]LogNet: Browse: /Game/Maps/ThirdLevel
[2018.06.06-07.09.29:592][ 51]LogLoad: LoadMap: /Game/Maps/ThirdLevel
[2018.06.06-07.09.29:810][ 51]LogAIModule: Creating AISystem for world ThirdLevel
[2018.06.06-07.09.29:810][ 51]LogLoad: Game class is 'FlabriyaGameMode'
[2018.06.06-07.09.29:812][ 51]LogWorld: Bringing World /Game/Maps/ThirdLevel.ThirdLevel up for play (max tick rate 0) at 2018.06.06-10.09.29
[2018.06.06-07.09.29:813][ 51]LogWorld: Bringing up level for play took: 0.001369
[2018.06.06-07.09.29:813][ 51]LogGameMode: FindPlayerStart: PATHS NOT DEFINED or NO PLAYERSTART with positive rating
[2018.06.06-07.09.29:826][ 51]LogLoad: Took 0.233759 seconds to LoadMap(/Game/Maps/ThirdLevel)
[2018.06.06-07.10.36:735][622]LogUMG: Display: Widget Class LevelWonBrown_C - Loaded Fast Template.
[2018.06.06-07.10.37:402][638]LogSlate: FSceneViewport::OnFocusLost() reason 0
[2018.06.06-07.10.37:524][641]LogNet: Browse: /Game/Maps/MainMenu
[2018.06.06-07.10.37:574][641]LogLoad: LoadMap: /Game/Maps/MainMenu
[2018.06.06-07.10.37:600][641]LogAIModule: Creating AISystem for world MainMenu
[2018.06.06-07.10.37:600][641]LogLoad: Game class is 'FlabriyaGameMode'
[2018.06.06-07.10.37:601][641]LogWorld: Bringing World /Game/Maps/MainMenu.MainMenu up for play (max tick rate 0) at 2018.06.06-10.10.37
[2018.06.06-07.10.37:601][641]LogWorld: Bringing up level for play took: 0.000553
[2018.06.06-07.10.37:602][641]LogGameMode: FindPlayerStart: PATHS NOT DEFINED or NO PLAYERSTART with positive rating
[2018.06.06-07.10.37:603][641]r.SetRes = "1280x720"
[2018.06.06-07.10.37:630][641]LogUMG: Display: Widget Class MainMenuWidget_C - Loaded Fast Template.
[2018.06.06-07.10.37:633][641]LogLoad: Took 0.058744 seconds to LoadMap(/Game/Maps/MainMenu)
[2018.06.06-07.10.38:965][680]LogNet: Browse: /Game/Maps/EndlessLevel
[2018.06.06-07.10.38:965][680]LogLoad: LoadMap: /Game/Maps/EndlessLevel
[2018.06.06-07.10.39:017][680]LogAIModule: Creating AISystem for world EndlessLevel
[2018.06.06-07.10.39:018][680]LogLoad: Game class is 'FlabriyaGameMode'
[2018.06.06-07.10.39:023][680]LogWorld: Bringing World /Game/Maps/EndlessLevel.EndlessLevel up for play (max tick rate 0) at 2018.06.06-10.10.39
[2018.06.06-07.10.39:023][680]LogWorld: Bringing up level for play took: 0.003745
[2018.06.06-07.10.39:024][680]LogGameMode: FindPlayerStart: PATHS NOT DEFINED or NO PLAYERSTART with positive rating
[2018.06.06-07.10.39:032][680]LogLoad: Took 0.067569 seconds to LoadMap(/Game/Maps/EndlessLevel)
[2018.06.06-07.11.38:692][ 62]LogUMG: Display: Widget Class SettingsMenuPink_C - Loaded Fast Template.
[2018.06.06-07.11.39:829][ 89]LogSlate: FSceneViewport::OnFocusLost() reason 0
[2018.06.06-07.11.42:500][151]LogSlate: FSceneViewport::OnFocusLost() reason 0
[2018.06.06-07.11.46:279][234]LogRenderer: Reallocating scene render targets to support 1600x900 Format 10 NumSamples 1 (Frame:1556).
[2018.06.06-07.12.17:974][163]LogUMG: Display: Widget Class LevelWonEndless_C - Loaded Fast Template.
[2018.06.06-07.13.06:816][524]LogAudio: Warning: Waited 41.217533ms for audio thread.
[2018.06.06-07.13.06:923][525]LogAudio: Warning: Waited 40.032120ms for audio thread.
[2018.06.06-07.13.20:124][615]LogAudio: Warning: Waited 77.641487ms for audio thread.
[2018.06.06-07.13.20:143][615]LogAudio: Warning: Waited 96.785454ms for audio thread.
[2018.06.06-07.13.31:342][774]LogAudio: Warning: Waited 38.507942ms for audio thread.
[2018.06.06-07.13.52:810][ 98]LogAudio: Warning: Waited 47.571777ms for audio thread.
[2018.06.06-07.13.52:828][ 98]LogAudio: Warning: Waited 65.018326ms for audio thread.
[2018.06.06-07.13.52:885][ 99]LogAudio: Warning: Waited 40.797546ms for audio thread.
[2018.06.06-07.13.52:908][ 99]LogAudio: Warning: Waited 64.106392ms for audio thread.
[2018.06.06-07.13.53:559][106]LogAudio: Warning: Waited 36.411621ms for audio thread.
[2018.06.06-07.13.53:661][107]LogAudio: Warning: Waited 70.759819ms for audio thread.
[2018.06.06-07.13.53:670][107]LogAudio: Warning: Waited 79.425270ms for audio thread.
[2018.06.06-07.13.53:831][110]LogAudio: Warning: Waited 36.183380ms for audio thread.
[2018.06.06-07.13.54:989][121]LogAudio: Warning: Waited 63.683323ms for audio thread.
[2018.06.06-07.13.59:320][178]LogAudio: Warning: Waited 45.816277ms for audio thread.
[2018.06.06-07.13.59:327][178]LogAudio: Warning: Waited 52.436806ms for audio thread.
[2018.06.06-07.15.47:347][325]LogSlate: FSceneViewport::OnFocusLost() reason 0
[2018.06.06-07.15.49:839][399]LogNet: Browse: /Game/Maps/EndlessLevel
[2018.06.06-07.15.49:840][399]LogLoad: LoadMap: /Game/Maps/EndlessLevel
[2018.06.06-07.15.49:901][399]LogAIModule: Creating AISystem for world EndlessLevel
[2018.06.06-07.15.49:902][399]LogLoad: Game class is 'FlabriyaGameMode'
[2018.06.06-07.15.49:903][399]LogWorld: Bringing World /Game/Maps/EndlessLevel.EndlessLevel up for play (max tick rate 0) at 2018.06.06-10.15.49
[2018.06.06-07.15.49:904][399]LogWorld: Bringing up level for play took: 0.001200
[2018.06.06-07.15.49:904][399]LogGameMode: FindPlayerStart: PATHS NOT DEFINED or NO PLAYERSTART with positive rating
[2018.06.06-07.15.49:921][399]LogLoad: Took 0.081254 seconds to LoadMap(/Game/Maps/EndlessLevel)
[2018.06.06-07.16.55:290][349]LogUMG: Display: Widget Class LevelWonEndless_C - Loaded Fast Template.
[2018.06.06-07.17.10:920][794]LogAudio: Warning: Waited 38.832825ms for audio thread.
[2018.06.06-07.17.10:923][794]LogAudio: Warning: Waited 42.290882ms for audio thread.
[2018.06.06-07.19.35:879][ 33]LogWindowsTextInputMethodSystem: Display: IME system now deactivated.
[2018.06.06-07.19.35:879][ 33]LogWindowsTextInputMethodSystem: Display: IME system now deactivated.
[2018.06.06-07.19.44:943][305]LogSlate: FSceneViewport::OnFocusLost() reason 0
[2018.06.06-07.19.45:077][309]LogNet: Browse: /Game/Maps/MainMenu
[2018.06.06-07.19.45:078][309]LogLoad: LoadMap: /Game/Maps/MainMenu
[2018.06.06-07.19.45:098][309]LogAIModule: Creating AISystem for world MainMenu
[2018.06.06-07.19.45:098][309]LogLoad: Game class is 'FlabriyaGameMode'
[2018.06.06-07.19.45:100][309]LogWorld: Bringing World /Game/Maps/MainMenu.MainMenu up for play (max tick rate 0) at 2018.06.06-10.19.45
[2018.06.06-07.19.45:100][309]LogWorld: Bringing up level for play took: 0.000595
[2018.06.06-07.19.45:100][309]LogGameMode: FindPlayerStart: PATHS NOT DEFINED or NO PLAYERSTART with positive rating
[2018.06.06-07.19.45:101][309]r.SetRes = "1280x720"
[2018.06.06-07.19.45:163][309]LogUMG: Display: Widget Class MainMenuWidget_C - Loaded Fast Template.
[2018.06.06-07.19.45:165][309]LogRenderer: Reallocating scene render targets to support 1280x720 Format 10 NumSamples 1 (Frame:2).
[2018.06.06-07.19.45:166][309]LogLoad: Took 0.088030 seconds to LoadMap(/Game/Maps/MainMenu)
[2018.06.06-07.19.46:743][357]LogNet: Browse: /Game/Maps/EndlessLevel
[2018.06.06-07.19.46:743][357]LogLoad: LoadMap: /Game/Maps/EndlessLevel
[2018.06.06-07.19.46:790][357]LogAIModule: Creating AISystem for world EndlessLevel
[2018.06.06-07.19.46:791][357]LogLoad: Game class is 'FlabriyaGameMode'
[2018.06.06-07.19.46:793][357]LogWorld: Bringing World /Game/Maps/EndlessLevel.EndlessLevel up for play (max tick rate 0) at 2018.06.06-10.19.46
[2018.06.06-07.19.46:793][357]LogWorld: Bringing up level for play took: 0.000995
[2018.06.06-07.19.46:794][357]LogGameMode: FindPlayerStart: PATHS NOT DEFINED or NO PLAYERSTART with positive rating
[2018.06.06-07.19.46:801][357]LogLoad: Took 0.058725 seconds to LoadMap(/Game/Maps/EndlessLevel)
[2018.06.06-07.19.48:608][412]LogUMG: Display: Widget Class SettingsMenuPink_C - Loaded Fast Template.
[2018.06.06-07.19.49:638][443]LogSlate: FSceneViewport::OnFocusLost() reason 0
[2018.06.06-07.19.49:771][447]LogNet: Browse: /Game/Maps/MainMenu
[2018.06.06-07.19.49:772][447]LogLoad: LoadMap: /Game/Maps/MainMenu
[2018.06.06-07.19.49:794][447]LogAIModule: Creating AISystem for world MainMenu
[2018.06.06-07.19.49:794][447]LogLoad: Game class is 'FlabriyaGameMode'
[2018.06.06-07.19.49:795][447]LogWorld: Bringing World /Game/Maps/MainMenu.MainMenu up for play (max tick rate 0) at 2018.06.06-10.19.49
[2018.06.06-07.19.49:795][447]LogWorld: Bringing up level for play took: 0.000579
[2018.06.06-07.19.49:796][447]LogGameMode: FindPlayerStart: PATHS NOT DEFINED or NO PLAYERSTART with positive rating
[2018.06.06-07.19.49:796][447]r.SetRes = "1280x720"
[2018.06.06-07.19.49:816][447]LogUMG: Display: Widget Class MainMenuWidget_C - Loaded Fast Template.
[2018.06.06-07.19.49:819][447]LogLoad: Took 0.046877 seconds to LoadMap(/Game/Maps/MainMenu)
[2018.06.06-07.20.23:526][457]Closing by request
[2018.06.06-07.20.23:526][457]LogWindows: FPlatformMisc::RequestExit(0)
[2018.06.06-07.20.24:225][458]LogSlate: Request Window 'Flabriya (64-bit, PCD3D_SM5) ' being destroyed
[2018.06.06-07.20.24:251][458]LogSlate: Window 'Flabriya (64-bit, PCD3D_SM5) ' being destroyed
[2018.06.06-07.20.24:253][458]LogWindowsTextInputMethodSystem: Display: IME system now deactivated.
[2018.06.06-07.20.24:287][458]LogSlate: Slate User Destroyed.  User Index 0, Is Virtual User: 0
[2018.06.06-07.20.24:287][458]LogExit: Preparing to exit.
[2018.06.06-07.20.24:287][458]LogMoviePlayer: Shutting down movie player
[2018.06.06-07.20.24:295][458]LogExit: Game engine shut down
[2018.06.06-07.20.24:339][458]LogExit: Object subsystem successfully closed.
[2018.06.06-07.20.24:347][458]LogD3D11RHI: Shutdown
[2018.06.06-07.20.24:347][458]LogD3D11RHI: CleanupD3DDevice
[2018.06.06-07.20.24:350][458]LogD3D11RHI: ~FD3D11DynamicRHI
[2018.06.06-07.20.24:350][458]LogModuleManager: Shutting down and abandoning module AutomationController (178)
[2018.06.06-07.20.24:350][458]LogModuleManager: Shutting down and abandoning module AutomationWorker (176)
[2018.06.06-07.20.24:350][458]LogModuleManager: Shutting down and abandoning module AIModule (174)
[2018.06.06-07.20.24:350][458]LogModuleManager: Shutting down and abandoning module GameplayDebugger (173)
[2018.06.06-07.20.24:350][458]LogModuleManager: Shutting down and abandoning module WmfMediaFactory (170)
[2018.06.06-07.20.24:350][458]LogModuleManager: Shutting down and abandoning module OpenExrWrapper (168)
[2018.06.06-07.20.24:350][458]LogModuleManager: Shutting down and abandoning module ImgMediaFactory (166)
[2018.06.06-07.20.24:350][458]LogModuleManager: Shutting down and abandoning module AvfMediaFactory (164)
[2018.06.06-07.20.24:350][458]LogModuleManager: Shutting down and abandoning module CharacterAI (162)
[2018.06.06-07.20.24:350][458]LogModuleManager: Shutting down and abandoning module SessionServices (160)
[2018.06.06-07.20.24:351][458]LogModuleManager: Shutting down and abandoning module MovieSceneTracks (158)
[2018.06.06-07.20.24:351][458]LogModuleManager: Shutting down and abandoning module MovieScene (156)
[2018.06.06-07.20.24:351][458]LogModuleManager: Shutting down and abandoning module GeometryCache (154)
[2018.06.06-07.20.24:351][458]LogModuleManager: Shutting down and abandoning module StreamingPauseRendering (152)
[2018.06.06-07.20.24:351][458]LogModuleManager: Shutting down and abandoning module AnalyticsET (150)
[2018.06.06-07.20.24:351][458]LogModuleManager: Shutting down and abandoning module ProfilerService (148)
[2018.06.06-07.20.24:438][458]LogModuleManager: Shutting down and abandoning module TaskGraph (146)
[2018.06.06-07.20.24:438][458]LogModuleManager: Shutting down and abandoning module SteamVRController (144)
[2018.06.06-07.20.24:438][458]LogModuleManager: Shutting down and abandoning module OculusInput (142)
[2018.06.06-07.20.24:438][458]LogModuleManager: Shutting down and abandoning module MobilePatchingUtils (140)
[2018.06.06-07.20.24:438][458]LogModuleManager: Shutting down and abandoning module CustomMeshComponent (138)
[2018.06.06-07.20.24:438][458]LogModuleManager: Shutting down and abandoning module CableComponent (136)
[2018.06.06-07.20.24:438][458]LogModuleManager: Shutting down and abandoning module AudioCapture (134)
[2018.06.06-07.20.24:438][458]LogModuleManager: Shutting down and abandoning module ArchVisCharacter (132)
[2018.06.06-07.20.24:438][458]LogModuleManager: Shutting down and abandoning module ProceduralMeshComponent (130)
[2018.06.06-07.20.24:438][458]LogModuleManager: Shutting down and abandoning module AndroidPermission (128)
[2018.06.06-07.20.24:438][458]LogModuleManager: Shutting down and abandoning module MediaCompositing (124)
[2018.06.06-07.20.24:438][458]LogModuleManager: Shutting down and abandoning module LinearTimecode (122)
[2018.06.06-07.20.24:438][458]LogModuleManager: Shutting down and abandoning module ImgMedia (120)
[2018.06.06-07.20.24:439][458]LogModuleManager: Shutting down and abandoning module HTML5Networking (118)
[2018.06.06-07.20.24:440][458]LogModuleManager: Shutting down and abandoning module DatasmithContent (116)
[2018.06.06-07.20.24:440][458]LogModuleManager: Shutting down and abandoning module Flabriya (114)
[2018.06.06-07.20.24:440][458]LogModuleManager: Shutting down and abandoning module RuntimePhysXCooking (112)
[2018.06.06-07.20.24:440][458]LogModuleManager: Shutting down and abandoning module PhysXVehicles (110)
[2018.06.06-07.20.24:440][458]LogModuleManager: Shutting down and abandoning module LocationServicesBPLibrary (108)
[2018.06.06-07.20.24:440][458]LogModuleManager: Shutting down and abandoning module ImmediatePhysics (106)
[2018.06.06-07.20.24:440][458]LogModuleManager: Shutting down and abandoning module LiveLink (104)
[2018.06.06-07.20.24:986][458]LogModuleManager: Shutting down and abandoning module ActorSequence (102)
[2018.06.06-07.20.24:986][458]LogModuleManager: Shutting down and abandoning module UdpMessaging (100)
[2018.06.06-07.20.24:986][458]LogModuleManager: Shutting down and abandoning module TcpMessaging (98)
[2018.06.06-07.20.24:986][458]LogModuleManager: Shutting down and abandoning module FacialAnimation (96)
[2018.06.06-07.20.24:986][458]LogModuleManager: Shutting down and abandoning module LightPropagationVolumeRuntime (94)
[2018.06.06-07.20.24:987][458]LogModuleManager: Shutting down and abandoning module Paper2D (92)
[2018.06.06-07.20.24:987][458]LogModuleManager: Shutting down and abandoning module WindowsMoviePlayer (90)
[2018.06.06-07.20.24:987][458]LogModuleManager: Shutting down and abandoning module WmfMedia (88)
[2018.06.06-07.20.24:989][458]LogModuleManager: Shutting down and abandoning module PacketHandler (86)
[2018.06.06-07.20.24:989][458]LogModuleManager: Shutting down and abandoning module ClothingSystemRuntime (84)
[2018.06.06-07.20.24:989][458]LogModuleManager: Shutting down and abandoning module MediaAssets (82)
[2018.06.06-07.20.24:989][458]LogModuleManager: Shutting down and abandoning module Overlay (80)
[2018.06.06-07.20.24:989][458]LogModuleManager: Shutting down and abandoning module UMG (78)
[2018.06.06-07.20.24:989][458]LogModuleManager: Shutting down and abandoning module SlateReflector (76)
[2018.06.06-07.20.24:989][458]LogModuleManager: Shutting down and abandoning module Slate (74)
[2018.06.06-07.20.24:990][458]LogModuleManager: Shutting down and abandoning module MRMesh (72)
[2018.06.06-07.20.24:990][458]LogModuleManager: Shutting down and abandoning module Messaging (70)
[2018.06.06-07.20.24:990][458]LogModuleManager: Shutting down and abandoning module HeadMountedDisplay (68)
[2018.06.06-07.20.24:990][458]LogModuleManager: Shutting down and abandoning module XAudio2 (66)
[2018.06.06-07.20.24:990][458]LogModuleManager: Shutting down and abandoning module Networking (64)
[2018.06.06-07.20.24:990][458]LogModuleManager: Shutting down and abandoning module Core (62)
[2018.06.06-07.20.24:990][458]LogModuleManager: Shutting down and abandoning module LevelSequence (60)
[2018.06.06-07.20.24:990][458]LogModuleManager: Shutting down and abandoning module Media (58)
[2018.06.06-07.20.24:996][458]LogModuleManager: Shutting down and abandoning module ImageWrapper (54)
[2018.06.06-07.20.24:996][458]LogModuleManager: Shutting down and abandoning module InputCore (52)
[2018.06.06-07.20.24:996][458]LogModuleManager: Shutting down and abandoning module PhysXCooking (50)
[2018.06.06-07.20.24:996][458]LogModuleManager: Shutting down and abandoning module SteamVR (48)
[2018.06.06-07.20.24:996][458]LogModuleManager: Shutting down and abandoning module OculusHMD (46)
[2018.06.06-07.20.24:996][458]LogModuleManager: Shutting down and abandoning module ExampleDeviceProfileSelector (44)
[2018.06.06-07.20.24:996][458]LogModuleManager: Shutting down and abandoning module AppleARKit (42)
[2018.06.06-07.20.24:996][458]LogModuleManager: Shutting down and abandoning module AugmentedReality (39)
[2018.06.06-07.20.24:996][458]LogModuleManager: Shutting down and abandoning module OnlineSubsystem (34)
[2018.06.06-07.20.24:996][458]LogModuleManager: Shutting down and abandoning module HTTP (33)
[2018.06.06-07.20.24:997][458]LogHttp: Display: Http module shutting down, but needs to wait on 1 outstanding Http requests:
[2018.06.06-07.20.24:997][458]LogHttp: Display: 	verb=[POST] url=[https://datarouter.ol.epicgames.com/datarouter/api/v1/public/data?SessionID=%7B072DBABF-4FEF-7FB3-801A-239915D4A440%7D&AppID=UEGame.Rocket.Release%7C7BF5B7C840B88F528DC5AFAA95F8635F%7C2D%20Side%20Scroller%20Game%20Template&AppVersion=4.19.1-3989454%2B%2B%2BUE4%2BRelease-4.19&UserID=ANON-%7B4505897C-4395-BE15-D352-AAB49BF7C281%7D%7C%7C&AppEnvironment=datacollector-binary&UploadType=eteventstream] status=Processing
[2018.06.06-07.20.25:003][458]LogModuleManager: Shutting down and abandoning module SSL (32)
[2018.06.06-07.20.25:003][458]LogModuleManager: Shutting down and abandoning module ShaderCore (28)
[2018.06.06-07.20.25:003][458]LogModuleManager: Shutting down and abandoning module Landscape (26)
[2018.06.06-07.20.25:003][458]LogModuleManager: Shutting down and abandoning module SlateRHIRenderer (24)
[2018.06.06-07.20.25:004][458]LogModuleManager: Shutting down and abandoning module OpenGLDrv (22)
[2018.06.06-07.20.25:004][458]LogModuleManager: Shutting down and abandoning module D3D11RHI (20)
[2018.06.06-07.20.25:004][458]LogModuleManager: Shutting down and abandoning module AnimGraphRuntime (18)
[2018.06.06-07.20.25:004][458]LogModuleManager: Shutting down and abandoning module Renderer (16)
[2018.06.06-07.20.25:004][458]LogModuleManager: Shutting down and abandoning module Engine (14)
[2018.06.06-07.20.25:004][458]LogModuleManager: Shutting down and abandoning module CoreUObject (12)
[2018.06.06-07.20.25:004][458]LogModuleManager: Shutting down and abandoning module NetworkFile (10)
[2018.06.06-07.20.25:004][458]LogModuleManager: Shutting down and abandoning module CookedIterativeFile (8)
[2018.06.06-07.20.25:004][458]LogModuleManager: Shutting down and abandoning module StreamingFile (6)
[2018.06.06-07.20.25:004][458]LogModuleManager: Shutting down and abandoning module SandboxFile (4)
[2018.06.06-07.20.25:005][458]LogModuleManager: Shutting down and abandoning module PakFile (2)
[2018.06.06-07.20.25:007][458]LogExit: Exiting.
[2018.06.06-07.20.25:010][458]Log file closed, 06/06/18 10:20:25
